TN:
SF:src/index.ts
FNF:0
FNH:0
DA:25,1
DA:31,1
DA:41,1
DA:47,1
DA:59,1
DA:69,1
DA:80,1
DA:93,1
DA:99,1
DA:104,1
LF:10
LH:10
BRF:0
BRH:0
end_of_record
TN:
SF:src/helpers/swisstopcut.ts
FN:26,computeTopCutSeeds
FNF:1
FNH:1
FNDA:9,computeTopCutSeeds
DA:26,1
DA:27,9
DA:28,9
DA:29,9
DA:30,9
DA:31,2
DA:32,2
DA:33,7
DA:34,9
DA:37,5
DA:39,9
DA:42,4
DA:44,64
DA:45,64
DA:48,5
DA:49,5
DA:50,5
DA:51,5
DA:52,5
DA:55,1
DA:56,4
DA:58,4
DA:61,4
DA:62,16
DA:63,16
DA:64,16
DA:65,4
DA:66,4
LF:28
LH:28
BRDA:26,0,0,9
BRDA:30,1,0,2
BRDA:32,2,0,7
BRDA:34,3,0,2
BRDA:34,4,0,5
BRDA:39,5,0,1
BRDA:39,6,0,4
BRDA:37,7,0,75
BRDA:42,8,0,64
BRDA:44,9,0,0
BRDA:44,10,0,0
BRDA:45,11,0,62
BRDA:45,12,0,5
BRDA:45,13,0,2
BRDA:48,14,0,1
BRDA:49,15,0,0
BRDA:49,16,0,1
BRDA:50,17,0,0
BRDA:50,18,0,1
BRDA:51,19,0,0
BRDA:51,20,0,1
BRDA:52,21,0,0
BRDA:52,22,0,1
BRDA:61,23,0,16
BRF:24
BRH:18
end_of_record
TN:
SF:src/helpers/swisstopcutmerger.ts
FN:66,mergeSwissTopCutStandings
FN:130,bySwissOrder
FNF:2
FNH:2
FNDA:4,mergeSwissTopCutStandings
FNDA:59,bySwissOrder
DA:66,1
DA:70,4
DA:71,4
DA:72,4
DA:74,4
DA:75,1
DA:76,1
DA:77,1
DA:78,3
DA:79,1
DA:80,1
DA:81,1
DA:84,3
DA:85,4
DA:86,70
DA:87,70
DA:90,3
DA:91,9
DA:92,9
DA:94,0
DA:95,3
DA:97,3
DA:98,3
DA:100,4
DA:101,12
DA:102,12
DA:105,1
DA:106,1
DA:107,11
DA:108,11
DA:109,11
DA:112,3
DA:113,3
DA:114,3
DA:116,3
DA:119,3
DA:120,3
DA:121,70
DA:122,3
DA:124,3
DA:125,3
DA:130,59
DA:131,59
DA:132,59
DA:134,59
DA:137,0
DA:138,0
DA:139,0
DA:140,0
DA:141,0
DA:143,0
DA:144,0
LF:52
LH:44
BRDA:66,0,0,4
BRDA:74,1,0,1
BRDA:81,2,0,3
BRDA:85,3,0,70
BRDA:87,4,0,3
BRDA:100,5,0,12
BRDA:102,6,0,1
BRDA:106,7,0,11
BRDA:109,8,0,3
BRDA:75,9,0,3
BRDA:77,10,0,3
BRDA:90,11,0,9
BRDA:91,12,0,0
BRDA:91,13,0,0
BRDA:92,14,0,0
BRDA:113,15,0,70
BRDA:114,16,0,59
BRDA:120,17,0,70
BRDA:130,18,0,59
BRDA:131,19,0,0
BRDA:132,20,0,0
BRDA:134,21,0,0
BRF:22
BRH:16
end_of_record
TN:
SF:src/pairings/index.ts
FN:65,generatePairings
FN:121,getRoundRobinRoundOrThrow
FN:137,generatePairingsDeprecated
FN:169,slotPlayerId
FNF:4
FNH:4
FNDA:19,generatePairings
FNDA:3,getRoundRobinRoundOrThrow
FNDA:1,generatePairingsDeprecated
FNDA:28,slotPlayerId
DA:3,1
DA:8,1
DA:16,1
DA:24,1
DA:65,1
DA:66,19
DA:67,10
DA:68,10
DA:69,10
DA:70,10
DA:71,10
DA:72,10
DA:73,10
DA:74,10
DA:76,10
DA:77,3
DA:78,3
DA:79,3
DA:80,3
DA:81,3
DA:82,3
DA:83,3
DA:84,3
DA:85,3
DA:86,3
DA:87,3
DA:88,3
DA:90,8
DA:92,5
DA:93,5
DA:94,5
DA:96,5
DA:97,5
DA:99,5
DA:100,14
DA:101,14
DA:102,14
DA:103,8
DA:104,8
DA:105,14
DA:107,5
DA:108,5
DA:109,5
DA:110,5
DA:111,5
DA:112,5
DA:113,5
DA:116,1
DA:117,1
DA:118,1
DA:121,3
DA:122,3
DA:123,3
DA:124,3
DA:125,3
DA:126,3
DA:127,3
DA:137,1
DA:138,1
DA:139,1
DA:140,1
DA:141,1
DA:142,1
DA:143,1
DA:146,1
DA:152,1
DA:160,1
DA:169,28
DA:170,28
DA:171,28
DA:172,28
DA:173,28
DA:174,28
LF:73
LH:73
BRDA:65,0,0,19
BRDA:66,1,0,10
BRDA:74,2,0,12
BRDA:74,3,0,10
BRDA:74,4,0,9
BRDA:76,5,0,3
BRDA:88,6,0,8
BRDA:88,7,0,6
BRDA:90,8,0,5
BRDA:93,9,0,0
BRDA:94,10,0,0
BRDA:99,11,0,14
BRDA:102,12,0,10
BRDA:102,13,0,8
BRDA:102,14,0,6
BRDA:103,15,0,4
BRDA:103,16,0,0
BRDA:104,17,0,4
BRDA:104,18,0,4
BRDA:110,19,0,2
BRDA:110,20,0,3
BRDA:113,21,0,1
BRDA:121,22,0,3
BRDA:137,23,0,1
BRDA:169,24,0,28
BRDA:172,25,0,0
BRDA:173,26,0,14
BRDA:173,27,0,14
BRF:28
BRH:24
end_of_record
TN:
SF:src/pairings/roundrobin.ts
FN:35,fnv1a
FN:45,mulberry32
FN:56,shuffleInPlace
FN:68,buildRoundRobinSchedule
FN:146,getRoundRobinRound
FNF:5
FNH:5
FNDA:4,fnv1a
FNDA:4,mulberry32
FNDA:4,shuffleInPlace
FNDA:17,buildRoundRobinSchedule
FNDA:5,getRoundRobinRound
DA:35,4
DA:36,4
DA:37,4
DA:38,41
DA:39,41
DA:40,41
DA:41,4
DA:42,4
DA:45,4
DA:46,4
DA:47,4
DA:48,17
DA:49,17
DA:50,17
DA:51,17
DA:52,17
DA:53,4
DA:56,4
DA:57,4
DA:58,4
DA:59,17
DA:60,17
DA:61,17
DA:62,4
DA:68,1
DA:69,17
DA:70,17
DA:71,17
DA:72,17
DA:73,17
DA:74,17
DA:75,17
DA:76,17
DA:78,17
DA:80,0
DA:81,0
DA:83,0
DA:86,17
DA:87,17
DA:90,17
DA:91,17
DA:92,17
DA:93,5
DA:94,1
DA:95,1
DA:96,4
DA:97,4
DA:99,16
DA:100,16
DA:101,16
DA:104,16
DA:105,16
DA:107,17
DA:108,64
DA:109,64
DA:111,64
DA:112,172
DA:113,172
DA:114,172
DA:115,20
DA:116,169
DA:117,152
DA:118,152
DA:119,172
DA:121,64
DA:124,64
DA:125,64
DA:126,64
DA:127,64
DA:128,64
DA:130,17
DA:133,1
DA:134,3
DA:135,3
DA:136,3
DA:137,1
DA:139,1
DA:140,1
DA:146,1
DA:147,5
DA:148,5
DA:149,5
DA:150,5
DA:151,5
DA:152,5
DA:153,5
DA:154,2
DA:155,2
DA:156,2
DA:157,3
DA:158,3
LF:91
LH:88
BRDA:35,0,0,4
BRDA:37,1,0,41
BRDA:45,2,0,4
BRDA:47,3,0,17
BRDA:56,4,0,4
BRDA:58,5,0,17
BRDA:68,6,0,17
BRDA:76,7,0,10
BRDA:78,8,0,0
BRDA:87,9,0,4
BRDA:92,10,0,5
BRDA:93,11,0,1
BRDA:95,12,0,4
BRDA:97,13,0,16
BRDA:107,14,0,64
BRDA:111,15,0,172
BRDA:114,16,0,164
BRDA:114,17,0,169
BRDA:114,18,0,20
BRDA:115,19,0,8
BRDA:115,20,0,12
BRDA:116,21,0,152
BRDA:128,22,0,16
BRDA:130,23,0,15
BRDA:130,24,0,1
BRDA:133,25,0,3
BRDA:136,26,0,6
BRDA:146,27,0,5
BRDA:153,28,0,3
BRDA:153,29,0,2
BRF:30
BRH:29
end_of_record
TN:
SF:src/pairings/safe.ts
FN:7,generatePairingsSafe
FNF:1
FNH:1
FNDA:7,generatePairingsSafe
DA:3,1
DA:4,1
DA:5,1
DA:7,1
DA:8,7
DA:9,7
DA:12,3
DA:15,3
DA:16,7
DA:18,3
DA:19,3
LF:11
LH:11
BRDA:7,0,0,7
BRDA:9,1,0,4
BRDA:9,2,0,3
BRDA:16,3,0,0
BRDA:16,4,0,3
BRF:5
BRH:4
end_of_record
TN:
SF:src/pairings/singleelimination.ts
FN:54,generateSingleEliminationBracket
FN:160,applyResult
FN:230,autoAdvanceByes
FN:247,nextPow2
FN:253,normalizeBestOf
FN:258,makeMatchId
FN:263,seedPositions
FN:278,slotPlayerId
FN:284,isWinnerSlotOf
FN:288,findMatch
FNF:10
FNH:10
FNDA:21,generateSingleEliminationBracket
FNDA:42,applyResult
FNDA:21,autoAdvanceByes
FNDA:20,nextPow2
FNDA:20,normalizeBestOf
FNDA:104,makeMatchId
FNDA:26,seedPositions
FNDA:110,slotPlayerId
FNDA:55,isWinnerSlotOf
FNDA:85,findMatch
DA:54,1
DA:55,21
DA:56,21
DA:57,21
DA:58,21
DA:60,21
DA:61,21
DA:64,21
DA:67,21
DA:68,21
DA:69,21
DA:72,21
DA:75,21
DA:76,21
DA:77,21
DA:79,21
DA:80,124
DA:81,124
DA:82,124
DA:83,109
DA:84,124
DA:86,15
DA:87,15
DA:88,124
DA:91,20
DA:92,20
DA:93,21
DA:94,62
DA:95,62
DA:96,62
DA:97,62
DA:98,62
DA:99,62
DA:100,62
DA:101,62
DA:102,62
DA:103,62
DA:104,62
DA:105,20
DA:108,20
DA:109,20
DA:110,21
DA:111,30
DA:112,30
DA:113,42
DA:114,42
DA:115,42
DA:117,42
DA:118,42
DA:120,42
DA:121,42
DA:122,42
DA:123,42
DA:124,30
DA:125,30
DA:126,30
DA:127,30
DA:130,20
DA:131,21
DA:132,7
DA:133,7
DA:134,7
DA:135,7
DA:136,7
DA:137,7
DA:138,7
DA:139,7
DA:140,7
DA:141,7
DA:142,7
DA:143,7
DA:144,7
DA:145,7
DA:147,20
DA:148,20
DA:149,20
DA:150,20
DA:151,20
DA:154,20
DA:156,20
DA:157,20
DA:160,1
DA:161,42
DA:162,42
DA:163,42
DA:164,42
DA:165,42
DA:166,42
DA:168,41
DA:169,41
DA:170,42
DA:172,40
DA:173,42
DA:174,27
DA:175,19
DA:178,42
DA:179,6
DA:180,0
DA:181,6
DA:183,42
DA:184,0
DA:185,0
DA:187,42
DA:190,42
DA:191,42
DA:194,42
DA:195,37
DA:196,37
DA:199,37
DA:200,19
DA:201,20
DA:202,14
DA:203,18
DA:205,0
DA:206,4
DA:207,4
DA:208,4
DA:209,37
DA:212,42
DA:213,6
DA:214,6
DA:215,6
DA:216,6
DA:217,6
DA:218,3
DA:219,6
DA:220,6
DA:223,40
DA:224,42
DA:230,1
DA:231,21
DA:232,21
DA:233,66
DA:234,66
DA:235,66
DA:236,0
DA:237,0
DA:238,66
DA:239,18
DA:240,18
DA:241,18
DA:242,66
DA:243,21
DA:247,20
DA:248,20
DA:249,20
DA:250,20
DA:251,20
DA:253,20
DA:254,20
DA:255,20
DA:256,20
DA:258,104
DA:259,104
DA:260,104
DA:263,1
DA:264,26
DA:265,24
DA:266,26
DA:267,34
DA:268,34
DA:269,34
DA:270,94
DA:271,94
DA:272,94
DA:273,34
DA:274,34
DA:275,24
DA:276,24
DA:278,110
DA:279,110
DA:280,110
DA:281,22
DA:282,22
DA:284,55
DA:285,55
DA:286,55
DA:288,85
DA:289,85
DA:290,143
DA:291,342
DA:292,342
DA:293,66
DA:294,85
DA:295,7
DA:296,7
DA:297,1
DA:298,1
DA:301,1
LF:189
LH:183
BRDA:54,0,0,21
BRDA:58,1,0,1
BRDA:58,2,0,20
BRDA:60,3,0,16
BRDA:77,4,0,109
BRDA:77,5,0,20
BRDA:79,6,0,124
BRDA:82,7,0,109
BRDA:84,8,0,15
BRDA:88,9,0,20
BRDA:93,10,0,62
BRDA:104,11,0,20
BRDA:110,12,0,30
BRDA:112,13,0,42
BRDA:127,14,0,20
BRDA:131,15,0,7
BRDA:131,16,0,7
BRDA:145,17,0,20
BRDA:64,18,0,89
BRDA:160,19,0,42
BRDA:166,20,0,1
BRDA:166,21,0,41
BRDA:170,22,0,1
BRDA:170,23,0,1
BRDA:170,24,0,40
BRDA:173,25,0,39
BRDA:173,26,0,13
BRDA:173,27,0,27
BRDA:174,28,0,26
BRDA:174,29,0,8
BRDA:174,30,0,19
BRDA:175,31,0,40
BRDA:178,32,0,6
BRDA:178,33,0,6
BRDA:179,34,0,0
BRDA:181,35,0,40
BRDA:183,36,0,0
BRDA:183,37,0,0
BRDA:185,38,0,40
BRDA:187,39,0,0
BRDA:187,40,0,40
BRDA:190,41,0,33
BRDA:190,42,0,7
BRDA:194,43,0,37
BRDA:196,44,0,0
BRDA:199,45,0,20
BRDA:199,46,0,19
BRDA:201,47,0,18
BRDA:201,48,0,14
BRDA:203,49,0,4
BRDA:203,50,0,0
BRDA:209,51,0,40
BRDA:212,52,0,6
BRDA:213,53,0,4
BRDA:213,54,0,2
BRDA:216,55,0,0
BRDA:217,56,0,3
BRDA:220,57,0,40
BRDA:223,58,0,39
BRDA:230,59,0,21
BRDA:231,60,0,0
BRDA:232,61,0,66
BRDA:235,62,0,0
BRDA:235,63,0,0
BRDA:238,64,0,18
BRDA:238,65,0,18
BRDA:247,66,0,20
BRDA:249,67,0,50
BRDA:253,68,0,20
BRDA:255,69,0,19
BRDA:255,70,0,1
BRDA:258,71,0,104
BRDA:263,72,0,26
BRDA:264,73,0,2
BRDA:264,74,0,24
BRDA:266,75,0,34
BRDA:269,76,0,94
BRDA:274,77,0,24
BRDA:278,78,0,110
BRDA:279,79,0,2
BRDA:279,80,0,108
BRDA:280,81,0,86
BRDA:280,82,0,22
BRDA:284,83,0,55
BRDA:285,84,0,35
BRDA:288,85,0,85
BRDA:289,86,0,143
BRDA:290,87,0,342
BRDA:291,88,0,77
BRDA:292,89,0,66
BRDA:293,90,0,55
BRDA:293,91,0,8
BRDA:294,92,0,7
BRDA:294,93,0,79
BRDA:294,94,0,7
BRDA:296,95,0,1
BRF:96
BRH:86
end_of_record
TN:
SF:src/pairings/swiss.ts
FN:50,fnv1a
FN:60,at
FN:66,generateSwissPairings
FN:93,pw
FN:139,seedKey
FN:155,downfloat
FN:167,pairBag
FN:169,run
FN:174,dfs
FNF:9
FNH:7
FNDA:0,fnv1a
FNDA:139,at
FNDA:46,generateSwissPairings
FNDA:9089,pw
FNDA:0,seedKey
FNDA:18,downfloat
FNDA:104,pairBag
FNDA:125,run
FNDA:6797,dfs
DA:50,0
DA:51,0
DA:52,0
DA:53,0
DA:54,0
DA:55,0
DA:56,0
DA:57,0
DA:60,139
DA:61,139
DA:62,139
DA:66,1
DA:67,46
DA:68,46
DA:69,46
DA:70,46
DA:71,46
DA:72,46
DA:73,46
DA:74,46
DA:75,46
DA:76,46
DA:77,46
DA:78,46
DA:79,46
DA:83,46
DA:86,46
DA:87,46
DA:88,46
DA:89,46
DA:90,46
DA:93,46
DA:94,9089
DA:95,9089
DA:96,582
DA:97,582
DA:98,582
DA:99,9089
DA:100,9089
DA:102,46
DA:103,578
DA:105,578
DA:108,46
DA:109,1065
DA:110,1065
DA:111,1065
DA:112,7
DA:113,1065
DA:114,1058
DA:115,1058
DA:116,1058
DA:117,1065
DA:120,46
DA:121,46
DA:122,578
DA:123,578
DA:124,578
DA:125,578
DA:126,46
DA:129,46
DA:130,46
DA:132,12
DA:133,12
DA:134,12
DA:135,12
DA:136,12
DA:137,12
DA:139,46
DA:141,46
DA:142,46
DA:145,46
DA:146,91
DA:147,91
DA:148,46
DA:150,46
DA:151,46
DA:152,578
DA:153,46
DA:155,46
DA:156,18
DA:157,18
DA:158,18
DA:159,18
DA:160,0
DA:161,0
DA:162,18
DA:163,18
DA:164,18
DA:167,46
DA:169,104
DA:170,125
DA:171,125
DA:172,125
DA:174,125
DA:175,6797
DA:176,6797
DA:177,6581
DA:178,6797
DA:179,6797
DA:182,3146
DA:183,3146
DA:184,6793
DA:185,10369
DA:186,10369
DA:187,6124
DA:188,10369
DA:189,5807
DA:190,10369
DA:193,6793
DA:194,1706
DA:195,1706
DA:197,2302
DA:198,6797
DA:201,6797
DA:202,4371
DA:203,4371
DA:204,4371
DA:205,0
DA:206,4371
DA:207,4371
DA:208,0
DA:209,6797
DA:211,6797
DA:212,3237
DA:213,3237
DA:214,3237
DA:215,3237
DA:216,3237
DA:218,2954
DA:219,2954
DA:220,2954
DA:221,2954
DA:223,2019
DA:224,6797
DA:226,125
DA:227,125
DA:228,125
DA:229,125
DA:232,104
DA:233,104
DA:236,21
DA:237,104
DA:240,46
DA:241,91
DA:242,91
DA:244,91
DA:245,91
DA:247,86
DA:250,91
DA:252,18
DA:253,64
DA:254,64
DA:255,18
DA:256,18
DA:257,18
DA:258,0
DA:259,18
DA:262,18
DA:263,18
DA:265,18
DA:266,18
DA:267,0
DA:268,18
DA:271,89
DA:272,283
DA:273,283
DA:274,283
DA:275,283
DA:276,283
DA:277,283
DA:278,283
DA:279,86
DA:282,46
DA:283,0
DA:284,0
DA:285,0
DA:286,0
DA:287,0
DA:288,0
DA:289,0
DA:290,0
DA:291,0
DA:292,0
DA:293,0
DA:294,0
DA:295,0
DA:296,0
DA:297,0
DA:300,46
DA:301,46
DA:302,578
DA:303,46
DA:304,46
DA:305,237
DA:306,237
DA:307,237
DA:308,0
DA:309,237
DA:310,237
DA:311,0
DA:312,46
DA:314,46
DA:315,46
LF:203
LH:172
BRDA:60,0,0,139
BRDA:66,1,0,46
BRDA:79,2,0,0
BRDA:102,3,0,578
BRDA:108,4,0,1065
BRDA:111,5,0,7
BRDA:113,6,0,1058
BRDA:121,7,0,578
BRDA:122,8,0,91
BRDA:130,9,0,12
BRDA:135,10,0,0
BRDA:240,11,0,91
BRDA:242,12,0,0
BRDA:245,13,0,89
BRDA:245,14,0,5
BRDA:245,15,0,86
BRDA:250,16,0,18
BRDA:257,17,0,0
BRDA:259,18,0,0
BRDA:266,19,0,0
BRDA:268,20,0,89
BRDA:268,21,0,86
BRDA:271,22,0,283
BRDA:275,23,0,5
BRDA:278,24,0,86
BRDA:282,25,0,0
BRDA:83,26,0,593
BRDA:86,27,0,578
BRDA:93,28,0,9089
BRDA:95,29,0,582
BRDA:126,30,0,45
BRDA:133,31,0,15
BRDA:145,32,0,91
BRDA:147,33,0,0
BRDA:147,34,0,578
BRDA:151,35,0,578
BRDA:155,36,0,18
BRDA:159,37,0,0
BRDA:162,38,0,0
BRDA:167,39,0,104
BRDA:233,40,0,83
BRDA:233,41,0,101
BRDA:233,42,0,83
BRDA:233,43,0,21
BRDA:169,44,0,125
BRDA:174,45,0,6797
BRDA:175,46,0,130
BRDA:175,47,0,6667
BRDA:176,48,0,86
BRDA:176,49,0,6581
BRDA:178,50,0,0
BRDA:178,51,0,6581
BRDA:179,52,0,6793
BRDA:179,53,0,3435
BRDA:179,54,0,3146
BRDA:184,55,0,10369
BRDA:186,56,0,4245
BRDA:186,57,0,6124
BRDA:188,58,0,317
BRDA:188,59,0,5807
BRDA:190,60,0,3146
BRDA:193,61,0,1706
BRDA:194,62,0,844
BRDA:195,63,0,2302
BRDA:198,64,0,1446
BRDA:198,65,0,856
BRDA:198,66,0,0
BRDA:211,67,0,3237
BRDA:216,68,0,283
BRDA:216,69,0,2954
BRDA:221,70,0,2019
BRDA:201,71,0,4371
BRDA:204,72,0,0
BRDA:206,73,0,0
BRDA:207,74,0,0
BRDA:227,75,0,704
BRDA:244,76,0,584
BRDA:252,77,0,64
BRDA:253,78,0,0
BRDA:254,79,0,6
BRDA:254,80,0,58
BRDA:262,81,0,64
BRDA:301,82,0,578
BRDA:304,83,0,237
BRDA:305,84,0,0
BRDA:306,85,0,0
BRDA:307,86,0,0
BRDA:309,87,0,0
BRDA:310,88,0,0
BRF:89
BRH:68
end_of_record
TN:
SF:src/ratings/elo.ts
FN:18,getWasm
FN:32,expectedScore
FN:38,expectedScoreAsync
FN:50,updateEloRatings
FN:69,getR
FN:72,apply
FN:81,scoreOfA
FN:107,getSnap
FN:137,updateEloRatingsWasm
FN:161,expected
FN:167,getR
FN:170,apply
FN:179,scoreOfA
FN:204,getSnap
FNF:14
FNH:13
FNDA:9,getWasm
FNDA:55,expectedScore
FNDA:7,expectedScoreAsync
FNDA:29,updateEloRatings
FNDA:50,getR
FNDA:68,apply
FNDA:34,scoreOfA
FNDA:18,getSnap
FNDA:2,updateEloRatingsWasm
FNDA:3,expected
FNDA:6,getR
FNDA:6,apply
FNDA:3,scoreOfA
FNDA:0,getSnap
DA:3,1
DA:17,1
DA:18,9
DA:19,9
DA:21,5
DA:22,5
DA:23,9
DA:24,9
DA:32,1
DA:34,55
DA:35,55
DA:38,7
DA:39,7
DA:40,7
DA:41,0
DA:42,7
DA:43,7
DA:44,7
DA:45,7
DA:50,1
DA:51,29
DA:52,29
DA:53,29
DA:54,29
DA:55,29
DA:56,29
DA:57,29
DA:58,29
DA:59,29
DA:60,29
DA:61,29
DA:62,29
DA:63,29
DA:64,29
DA:66,29
DA:67,29
DA:69,29
DA:70,50
DA:72,29
DA:73,68
DA:74,68
DA:75,68
DA:76,68
DA:77,68
DA:78,68
DA:79,68
DA:81,29
DA:82,34
DA:84,29
DA:85,24
DA:86,25
DA:87,25
DA:89,25
DA:90,25
DA:92,25
DA:93,25
DA:95,25
DA:96,25
DA:97,25
DA:99,25
DA:101,25
DA:102,25
DA:103,25
DA:104,29
DA:106,5
DA:107,5
DA:108,18
DA:110,5
DA:111,9
DA:112,9
DA:114,9
DA:115,9
DA:117,9
DA:118,9
DA:120,9
DA:121,9
DA:122,9
DA:124,9
DA:126,9
DA:127,9
DA:128,9
DA:129,5
DA:131,29
DA:132,29
DA:137,2
DA:138,2
DA:139,2
DA:140,2
DA:141,2
DA:142,2
DA:143,2
DA:144,2
DA:145,2
DA:146,2
DA:147,2
DA:148,2
DA:149,2
DA:150,2
DA:151,2
DA:153,2
DA:154,2
DA:155,2
DA:156,0
DA:157,2
DA:159,2
DA:161,2
DA:162,3
DA:164,2
DA:165,2
DA:167,2
DA:168,6
DA:170,2
DA:171,6
DA:172,6
DA:173,6
DA:174,6
DA:175,6
DA:176,6
DA:177,6
DA:179,2
DA:180,3
DA:182,2
DA:183,2
DA:184,3
DA:185,3
DA:187,3
DA:188,3
DA:190,3
DA:191,3
DA:193,3
DA:194,3
DA:195,3
DA:197,3
DA:199,3
DA:200,3
DA:201,3
DA:202,2
DA:203,0
DA:204,0
DA:205,0
DA:207,0
DA:208,0
DA:209,0
DA:211,0
DA:212,0
DA:214,0
DA:215,0
DA:217,0
DA:218,0
DA:219,0
DA:221,0
DA:223,0
DA:224,0
DA:225,0
DA:226,0
DA:228,2
DA:229,2
LF:157
LH:137
BRDA:18,0,0,9
BRDA:19,1,0,5
BRDA:21,2,0,5
BRDA:32,3,0,55
BRDA:38,4,0,7
BRDA:40,5,0,0
BRDA:50,6,0,29
BRDA:64,7,0,0
BRDA:84,8,0,24
BRDA:85,9,0,25
BRDA:95,10,0,6
BRDA:95,11,0,19
BRDA:96,12,0,23
BRDA:97,13,0,24
BRDA:99,14,0,22
BRDA:104,15,0,5
BRDA:110,16,0,9
BRDA:120,17,0,0
BRDA:69,18,0,50
BRDA:70,19,0,5
BRDA:70,20,0,5
BRDA:72,21,0,68
BRDA:73,22,0,5
BRDA:75,23,0,8
BRDA:76,24,0,8
BRDA:78,25,0,62
BRDA:81,26,0,34
BRDA:82,27,0,18
BRDA:82,28,0,16
BRDA:82,29,0,10
BRDA:82,30,0,6
BRDA:107,31,0,18
BRDA:108,32,0,0
BRDA:108,33,0,0
BRDA:137,34,0,2
BRDA:151,35,0,0
BRDA:155,36,0,0
BRDA:183,37,0,3
BRDA:193,38,0,1
BRDA:193,39,0,2
BRDA:202,40,0,0
BRDA:161,41,0,3
BRDA:162,42,0,0
BRDA:167,43,0,6
BRDA:168,44,0,0
BRDA:168,45,0,0
BRDA:170,46,0,6
BRDA:171,47,0,0
BRDA:173,48,0,0
BRDA:174,49,0,0
BRDA:176,50,0,5
BRDA:179,51,0,3
BRDA:180,52,0,2
BRDA:180,53,0,1
BRDA:180,54,0,0
BRF:55
BRH:40
end_of_record
TN:
SF:src/ratings/index.ts
FN:17,updateRatings
FNF:1
FNH:1
FNDA:3,updateRatings
DA:2,1
DA:17,1
DA:18,3
DA:19,2
DA:20,2
DA:21,2
DA:23,1
DA:24,1
LF:8
LH:8
BRDA:17,0,0,3
BRDA:18,1,0,2
BRDA:21,2,0,1
BRF:3
BRH:3
end_of_record
TN:
SF:src/ratings/types.ts
FN:52,isDraw
FNF:1
FNH:1
FNDA:3,isDraw
DA:52,1
DA:53,3
DA:54,3
DA:56,1
LF:4
LH:4
BRDA:52,0,0,3
BRF:1
BRH:1
end_of_record
TN:
SF:src/standings/forfeit.ts
FN:55,createForfeitMatchesForRetirements
FN:68,pairKey
FNF:2
FNH:2
FNDA:5,createForfeitMatchesForRetirements
FNDA:6,pairKey
DA:5,1
DA:55,1
DA:56,5
DA:57,5
DA:58,5
DA:59,5
DA:60,5
DA:61,5
DA:62,5
DA:63,5
DA:64,5
DA:66,5
DA:68,5
DA:69,6
DA:70,6
DA:71,6
DA:74,5
DA:75,5
DA:76,8
DA:77,2
DA:78,2
DA:79,2
DA:81,5
DA:83,5
DA:84,8
DA:85,8
DA:86,8
DA:89,8
DA:91,4
DA:92,4
DA:94,1
DA:95,1
DA:97,8
DA:98,8
DA:100,8
DA:103,8
DA:104,8
DA:105,8
DA:106,8
DA:107,8
DA:108,8
DA:110,8
DA:113,8
DA:114,8
DA:115,8
DA:116,8
DA:117,8
DA:118,8
DA:119,8
DA:121,8
DA:122,8
DA:124,5
DA:125,5
LF:53
LH:53
BRDA:55,0,0,5
BRDA:75,1,0,8
BRDA:76,2,0,6
BRDA:76,3,0,2
BRDA:77,4,0,0
BRDA:83,5,0,8
BRDA:89,6,0,1
BRDA:89,7,0,7
BRDA:89,8,0,4
BRDA:92,9,0,1
BRDA:95,10,0,3
BRDA:97,11,0,0
BRDA:97,12,0,3
BRDA:98,13,0,0
BRDA:98,14,0,3
BRDA:68,15,0,6
BRDA:69,16,0,5
BRDA:69,17,0,1
BRF:18
BRH:15
end_of_record
TN:
SF:src/standings/index.ts
FN:55,tagRetired
FN:87,computeStandings
FNF:2
FNH:2
FNDA:8,tagRetired
FNDA:26,computeStandings
DA:20,1
DA:23,1
DA:29,1
DA:44,1
DA:45,1
DA:46,1
DA:55,1
DA:56,8
DA:57,8
DA:58,8
DA:59,8
DA:60,8
DA:61,8
DA:87,1
DA:88,26
DA:89,26
DA:90,26
DA:91,17
DA:92,26
DA:93,4
DA:94,5
DA:96,5
DA:97,5
DA:98,26
DA:101,1
DA:102,1
DA:103,1
LF:27
LH:27
BRDA:55,0,0,8
BRDA:60,1,0,389
BRDA:87,2,0,26
BRDA:90,3,0,17
BRDA:92,4,0,9
BRDA:92,5,0,5
BRDA:92,6,0,4
BRF:7
BRH:7
end_of_record
TN:
SF:src/standings/roundrobin.ts
FN:16,at
FN:18,div
FN:19,sum
FN:21,isRealOpponent
FN:23,fnv1a
FN:33,inc
FN:39,pairKey
FN:46,ptsFromResult
FN:67,groupByPlayer
FN:94,tally
FN:120,computeMWP
FN:124,computeGWP
FN:132,computeOpponentPctExclSubject
FN:159,avgWithFloor
FN:162,headToHeadOrder
FN:169,add
FN:182,get
FN:194,sameTieKey
FN:204,allPenaltiesEqual
FN:213,computeRoundRobinStandings
FNF:20
FNH:19
FNDA:82,at
FNDA:314,div
FNDA:106,sum
FNDA:240,isRealOpponent
FNDA:18,fnv1a
FNDA:0,inc
FNDA:68,pairKey
FNDA:104,ptsFromResult
FNDA:18,groupByPlayer
FNDA:55,tally
FNDA:55,computeMWP
FNDA:55,computeGWP
FNDA:204,computeOpponentPctExclSubject
FNDA:110,avgWithFloor
FNDA:8,headToHeadOrder
FNDA:14,add
FNDA:36,get
FNDA:37,sameTieKey
FNDA:8,allPenaltiesEqual
FNDA:19,computeRoundRobinStandings
DA:11,1
DA:14,1
DA:16,1
DA:18,1
DA:19,1
DA:21,1
DA:23,18
DA:24,18
DA:25,18
DA:26,448
DA:27,448
DA:28,448
DA:29,18
DA:30,18
DA:33,0
DA:34,0
DA:35,0
DA:39,1
DA:40,68
DA:41,68
DA:42,68
DA:43,68
DA:46,104
DA:47,104
DA:48,104
DA:49,104
DA:50,104
DA:51,104
DA:52,104
DA:53,104
DA:54,104
DA:55,104
DA:56,104
DA:57,104
DA:59,0
DA:60,0
DA:61,0
DA:62,104
DA:63,104
DA:67,18
DA:68,18
DA:69,18
DA:70,104
DA:71,104
DA:72,18
DA:73,55
DA:74,55
DA:75,55
DA:76,18
DA:77,18
DA:94,55
DA:95,55
DA:96,55
DA:97,55
DA:98,55
DA:100,55
DA:101,104
DA:102,104
DA:104,104
DA:105,70
DA:106,34
DA:107,2
DA:109,104
DA:110,104
DA:111,104
DA:113,104
DA:114,104
DA:115,104
DA:117,55
DA:118,55
DA:120,55
DA:121,55
DA:122,55
DA:124,55
DA:126,55
DA:127,55
DA:128,55
DA:129,55
DA:130,55
DA:132,204
DA:133,204
DA:134,204
DA:135,204
DA:136,204
DA:137,204
DA:138,204
DA:139,204
DA:140,204
DA:141,102
DA:142,102
DA:143,112
DA:144,73
DA:145,30
DA:146,112
DA:147,102
DA:148,102
DA:149,102
DA:150,102
DA:151,112
DA:152,112
DA:153,112
DA:154,112
DA:155,102
DA:156,102
DA:157,204
DA:159,1
DA:160,110
DA:162,8
DA:163,8
DA:164,8
DA:165,8
DA:166,8
DA:167,8
DA:169,8
DA:171,8
DA:172,18
DA:173,18
DA:174,32
DA:175,32
DA:176,32
DA:177,32
DA:178,16
DA:179,32
DA:180,18
DA:182,8
DA:183,8
DA:186,8
DA:187,8
DA:188,16
DA:189,8
DA:190,8
DA:191,0
DA:192,0
DA:194,37
DA:195,37
DA:196,37
DA:197,14
DA:198,10
DA:199,10
DA:200,10
DA:202,37
DA:204,8
DA:205,8
DA:206,8
DA:207,8
DA:208,8
DA:209,8
DA:210,8
DA:213,1
DA:214,19
DA:215,19
DA:216,19
DA:217,19
DA:218,19
DA:219,19
DA:220,19
DA:221,19
DA:222,19
DA:223,19
DA:225,19
DA:226,19
DA:227,19
DA:228,19
DA:229,19
DA:230,19
DA:231,19
DA:234,19
DA:235,19
DA:236,70
DA:237,68
DA:238,70
DA:239,68
DA:240,68
DA:242,19
DA:243,4
DA:244,7
DA:245,7
DA:246,1
DA:247,1
DA:249,1
DA:250,1
DA:251,7
DA:252,3
DA:255,18
DA:256,19
DA:257,15
DA:258,45
DA:259,45
DA:261,37
DA:262,37
DA:263,22
DA:264,16
DA:265,15
DA:266,15
DA:268,37
DA:269,37
DA:270,37
DA:271,37
DA:272,37
DA:273,37
DA:274,37
DA:275,37
DA:276,37
DA:277,37
DA:278,37
DA:279,37
DA:280,45
DA:281,15
DA:284,18
DA:285,18
DA:289,18
DA:292,19
DA:293,55
DA:294,55
DA:295,55
DA:296,55
DA:297,55
DA:298,55
DA:299,55
DA:300,55
DA:301,55
DA:302,55
DA:303,55
DA:304,55
DA:305,55
DA:306,55
DA:307,55
DA:308,55
DA:309,55
DA:310,55
DA:311,55
DA:312,55
DA:313,55
DA:314,55
DA:317,19
DA:318,55
DA:319,55
DA:320,55
DA:321,55
DA:322,55
DA:323,102
DA:324,102
DA:325,102
DA:326,102
DA:327,55
DA:328,55
DA:329,55
DA:332,18
DA:333,19
DA:334,55
DA:335,55
DA:336,55
DA:337,19
DA:338,55
DA:339,55
DA:340,55
DA:341,104
DA:342,102
DA:343,104
DA:344,104
DA:345,68
DA:346,104
DA:347,55
DA:348,55
DA:349,55
DA:352,18
DA:353,19
DA:354,55
DA:355,55
DA:356,55
DA:359,18
DA:360,52
DA:361,44
DA:362,43
DA:363,43
DA:364,43
DA:365,10
DA:366,18
DA:369,18
DA:370,19
DA:371,45
DA:372,45
DA:374,45
DA:375,45
DA:376,37
DA:377,37
DA:378,10
DA:379,10
DA:381,45
DA:382,8
DA:383,8
DA:385,8
DA:386,8
DA:387,8
DA:388,0
DA:389,0
DA:390,0
DA:391,0
DA:392,0
DA:393,8
DA:395,8
DA:396,8
DA:397,8
DA:398,8
DA:399,8
DA:400,8
DA:401,8
DA:402,8
DA:403,0
DA:404,0
DA:405,0
DA:406,0
DA:407,0
DA:408,0
DA:409,0
DA:411,8
DA:412,8
DA:414,45
DA:415,45
DA:417,18
DA:418,18
DA:419,18
LF:322
LH:302
BRDA:16,0,0,82
BRDA:18,1,0,314
BRDA:18,2,0,262
BRDA:18,3,0,52
BRDA:19,4,0,106
BRDA:19,5,0,204
BRDA:21,6,0,240
BRDA:23,7,0,18
BRDA:25,8,0,448
BRDA:39,9,0,68
BRDA:40,10,0,46
BRDA:40,11,0,22
BRDA:41,12,0,46
BRDA:41,13,0,22
BRDA:46,14,0,104
BRDA:51,15,0,32
BRDA:52,16,0,34
BRDA:53,17,0,32
BRDA:54,18,0,34
BRDA:55,19,0,36
BRDA:56,20,0,2
BRDA:57,21,0,0
BRDA:67,22,0,18
BRDA:69,23,0,104
BRDA:72,24,0,55
BRDA:74,25,0,52
BRDA:74,26,0,1
BRDA:94,27,0,55
BRDA:100,28,0,104
BRDA:104,29,0,72
BRDA:104,30,0,96
BRDA:104,31,0,34
BRDA:104,32,0,70
BRDA:105,33,0,36
BRDA:105,34,0,36
BRDA:105,35,0,34
BRDA:106,36,0,32
BRDA:106,37,0,2
BRDA:109,38,0,36
BRDA:110,39,0,34
BRDA:111,40,0,72
BRDA:113,41,0,102
BRDA:120,42,0,55
BRDA:124,43,0,55
BRDA:132,44,0,204
BRDA:140,45,0,102
BRDA:142,46,0,112
BRDA:143,47,0,73
BRDA:143,48,0,99
BRDA:143,49,0,39
BRDA:143,50,0,73
BRDA:144,51,0,30
BRDA:144,52,0,71
BRDA:144,53,0,43
BRDA:144,54,0,30
BRDA:150,55,0,112
BRDA:151,56,0,43
BRDA:152,57,0,39
BRDA:153,58,0,82
BRDA:138,59,0,436
BRDA:138,60,0,224
BRDA:159,61,0,110
BRDA:160,62,0,106
BRDA:160,63,0,4
BRDA:160,64,0,204
BRDA:162,65,0,8
BRDA:167,66,0,18
BRDA:171,67,0,18
BRDA:172,68,0,0
BRDA:173,69,0,32
BRDA:174,70,0,0
BRDA:176,71,0,16
BRDA:177,72,0,0
BRDA:177,73,0,16
BRDA:178,74,0,14
BRDA:187,75,0,16
BRDA:188,76,0,8
BRDA:188,77,0,8
BRDA:190,78,0,0
BRDA:169,79,0,14
BRDA:169,80,0,0
BRDA:182,81,0,36
BRDA:182,82,0,0
BRDA:183,83,0,10
BRDA:194,84,0,37
BRDA:196,85,0,14
BRDA:197,86,0,10
BRDA:198,87,0,10
BRDA:199,88,0,10
BRDA:204,89,0,8
BRDA:205,90,0,0
BRDA:206,91,0,0
BRDA:208,92,0,18
BRDA:208,93,0,0
BRDA:213,94,0,19
BRDA:223,95,0,0
BRDA:225,96,0,0
BRDA:227,97,0,0
BRDA:228,98,0,0
BRDA:229,99,0,0
BRDA:230,100,0,0
BRDA:235,101,0,70
BRDA:236,102,0,2
BRDA:236,103,0,68
BRDA:238,104,0,53
BRDA:238,105,0,68
BRDA:242,106,0,4
BRDA:243,107,0,7
BRDA:245,108,0,1
BRDA:245,109,0,1
BRDA:251,110,0,3
BRDA:252,111,0,18
BRDA:256,112,0,15
BRDA:257,113,0,45
BRDA:259,114,0,37
BRDA:259,115,0,37
BRDA:262,116,0,15
BRDA:262,117,0,22
BRDA:263,118,0,6
BRDA:263,119,0,16
BRDA:264,120,0,1
BRDA:264,121,0,15
BRDA:265,122,0,0
BRDA:281,123,0,18
BRDA:292,124,0,55
BRDA:293,125,0,0
BRDA:314,126,0,18
BRDA:317,127,0,55
BRDA:319,128,0,0
BRDA:322,129,0,102
BRDA:323,130,0,0
BRDA:329,131,0,18
BRDA:333,132,0,55
BRDA:336,133,0,18
BRDA:337,134,0,55
BRDA:338,135,0,0
BRDA:340,136,0,104
BRDA:341,137,0,2
BRDA:341,138,0,102
BRDA:343,139,0,0
BRDA:344,140,0,70
BRDA:344,141,0,96
BRDA:344,142,0,34
BRDA:344,143,0,68
BRDA:345,144,0,32
BRDA:349,145,0,18
BRDA:353,146,0,55
BRDA:356,147,0,18
BRDA:370,148,0,45
BRDA:372,149,0,0
BRDA:375,150,0,37
BRDA:377,151,0,27
BRDA:377,152,0,10
BRDA:381,153,0,8
BRDA:387,154,0,0
BRDA:387,155,0,0
BRDA:398,156,0,18
BRDA:402,157,0,0
BRDA:415,158,0,18
BRDA:359,159,0,52
BRDA:360,160,0,38
BRDA:360,161,0,47
BRDA:360,162,0,44
BRDA:360,163,0,14
BRDA:361,164,0,4
BRDA:361,165,0,43
BRDA:361,166,0,10
BRDA:362,167,0,0
BRDA:362,168,0,10
BRDA:363,169,0,0
BRDA:363,170,0,10
BRDA:364,171,0,0
BRDA:364,172,0,10
BRDA:383,173,0,18
BRDA:395,174,0,10
BRDA:399,175,0,10
BRDA:399,176,0,0
BRDA:399,177,0,0
BRDA:417,178,0,55
BRF:179
BRH:148
end_of_record
TN:
SF:src/standings/safe.ts
FN:7,computeStandingsSafe
FN:13,createForfeitMatchesForRetirementsSafe
FNF:2
FNH:2
FNDA:6,computeStandingsSafe
FNDA:3,createForfeitMatchesForRetirementsSafe
DA:1,1
DA:2,1
DA:3,1
DA:4,1
DA:5,1
DA:7,1
DA:8,6
DA:9,6
DA:10,3
DA:11,3
DA:13,1
DA:14,3
DA:15,3
DA:16,1
DA:17,1
LF:15
LH:15
BRDA:7,0,0,6
BRDA:9,1,0,3
BRDA:13,2,0,3
BRDA:15,3,0,2
BRDA:15,4,0,1
BRF:5
BRH:5
end_of_record
TN:
SF:src/standings/singleelimination.ts
FN:11,computeSingleEliminationStandings
FNF:1
FNH:1
FNDA:12,computeSingleEliminationStandings
DA:2,1
DA:9,1
DA:11,1
DA:12,12
DA:13,12
DA:14,12
DA:15,12
DA:16,12
DA:17,12
DA:18,12
DA:19,12
DA:21,12
DA:22,12
DA:23,80
DA:24,80
DA:25,12
DA:26,56
DA:27,56
DA:28,56
DA:29,56
DA:32,12
DA:33,12
DA:34,80
DA:35,80
DA:37,12
DA:39,12
DA:40,56
DA:41,56
DA:43,56
DA:44,56
DA:45,56
DA:46,56
DA:47,56
DA:48,56
DA:49,56
DA:50,56
DA:51,56
DA:52,56
DA:55,56
DA:56,56
DA:57,56
DA:58,56
DA:59,36
DA:60,56
DA:62,13
DA:63,56
DA:64,43
DA:65,43
DA:67,56
DA:68,56
DA:69,56
DA:70,56
DA:71,56
DA:72,56
DA:73,56
DA:74,56
DA:75,56
DA:76,56
DA:77,56
DA:78,56
DA:79,56
DA:80,56
DA:81,56
DA:82,56
DA:83,56
DA:84,56
DA:85,56
DA:86,56
DA:87,56
DA:89,56
DA:92,56
DA:93,56
DA:94,56
DA:97,12
DA:99,92
DA:100,92
DA:103,92
DA:106,30
DA:107,30
DA:108,92
DA:109,17
DA:110,17
DA:113,68
DA:116,12
DA:117,12
DA:118,12
DA:119,12
DA:122,12
DA:123,56
DA:124,12
DA:126,12
DA:127,12
LF:92
LH:92
BRDA:11,0,0,12
BRDA:19,1,0,0
BRDA:22,2,0,80
BRDA:25,3,0,56
BRDA:33,4,0,80
BRDA:34,5,0,22
BRDA:39,6,0,56
BRDA:58,7,0,36
BRDA:59,8,0,23
BRDA:60,9,0,13
BRDA:63,10,0,43
BRDA:64,11,0,0
BRDA:27,12,0,24
BRDA:27,13,0,0
BRDA:44,14,0,80
BRDA:44,15,0,45
BRDA:47,16,0,80
BRDA:47,17,0,35
BRDA:49,18,0,80
BRDA:49,19,0,66
BRDA:50,20,0,80
BRDA:50,21,0,64
BRDA:51,22,0,80
BRDA:52,23,0,80
BRDA:52,24,0,79
BRDA:86,25,0,80
BRDA:87,26,0,80
BRDA:97,27,0,92
BRDA:99,28,0,0
BRDA:100,29,0,0
BRDA:103,30,0,62
BRDA:103,31,0,73
BRDA:103,32,0,30
BRDA:108,33,0,17
BRDA:108,34,0,17
BRDA:108,35,0,17
BRDA:110,36,0,68
BRDA:110,37,0,13
BRDA:113,38,0,1
BRDA:113,39,0,12
BRDA:122,40,0,56
BRF:41
BRH:36
end_of_record
TN:
SF:src/standings/swiss.ts
FN:17,div
FN:20,sum
FN:23,isRealOpponent
FN:26,clamp01
FN:31,at
FN:37,groupByPlayer
FN:49,ptsFromResult
FN:86,tally
FN:115,computeMWP
FN:118,computeGWP
FN:125,computeOpponentPctExclSubject
FN:152,avgWithFloor
FN:157,headToHeadOrder
FN:165,add
FN:181,get
FN:196,sameTieKey
FN:206,allPenaltiesEqual
FN:217,flipResult
FN:234,normalizeMatchesForMirroring
FN:237,key
FN:269,computeSwissStandings
FNF:21
FNH:21
FNDA:3694,div
FNDA:890,sum
FNDA:3448,isRealOpponent
FNDA:12,clamp01
FNDA:671,at
FNDA:28,groupByPlayer
FNDA:1416,ptsFromResult
FNDA:446,tally
FNDA:446,computeMWP
FNDA:446,computeGWP
FNDA:2802,computeOpponentPctExclSubject
FNDA:892,avgWithFloor
FNDA:59,headToHeadOrder
FNDA:6,add
FNDA:504,get
FNDA:418,sameTieKey
FNDA:59,allPenaltiesEqual
FNDA:7,flipResult
FNDA:6,normalizeMatchesForMirroring
FNDA:18,key
FNDA:28,computeSwissStandings
DA:10,1
DA:12,1
DA:15,1
DA:17,3694
DA:18,3694
DA:19,3694
DA:20,890
DA:21,890
DA:22,890
DA:23,3448
DA:24,3448
DA:25,3448
DA:26,12
DA:27,12
DA:28,12
DA:31,671
DA:32,671
DA:33,671
DA:37,28
DA:38,28
DA:39,28
DA:40,1416
DA:41,1416
DA:42,28
DA:43,446
DA:44,446
DA:45,446
DA:46,28
DA:47,28
DA:49,1416
DA:50,1416
DA:51,1416
DA:52,1416
DA:53,1416
DA:54,1416
DA:55,1416
DA:56,697
DA:57,1416
DA:58,6
DA:59,1416
DA:60,1416
DA:61,698
DA:62,1416
DA:63,15
DA:64,1416
DA:66,0
DA:67,0
DA:68,0
DA:69,1416
DA:70,1416
DA:86,446
DA:87,446
DA:88,446
DA:89,446
DA:90,446
DA:91,446
DA:92,446
DA:93,446
DA:95,446
DA:96,1416
DA:97,1416
DA:99,1416
DA:100,719
DA:101,21
DA:102,15
DA:104,1416
DA:105,1416
DA:106,1416
DA:108,1416
DA:109,1416
DA:110,1416
DA:112,446
DA:113,446
DA:115,446
DA:116,446
DA:117,446
DA:118,446
DA:119,446
DA:120,446
DA:121,446
DA:122,446
DA:123,446
DA:125,2802
DA:126,2802
DA:127,2802
DA:128,2802
DA:129,2802
DA:130,2802
DA:131,2802
DA:132,2802
DA:133,2802
DA:134,1401
DA:135,1401
DA:136,4352
DA:137,2140
DA:138,0
DA:139,4352
DA:140,1401
DA:141,1401
DA:142,1401
DA:143,1401
DA:144,4352
DA:145,4352
DA:146,4352
DA:147,4352
DA:148,1401
DA:149,1401
DA:150,2802
DA:152,892
DA:153,892
DA:154,890
DA:155,890
DA:157,59
DA:158,59
DA:159,59
DA:160,59
DA:162,59
DA:163,59
DA:165,59
DA:166,6
DA:167,6
DA:169,59
DA:170,252
DA:171,252
DA:172,616
DA:173,616
DA:174,616
DA:176,616
DA:177,8
DA:178,616
DA:179,252
DA:181,59
DA:183,59
DA:186,59
DA:187,59
DA:188,118
DA:189,59
DA:190,59
DA:191,59
DA:192,59
DA:193,0
DA:194,0
DA:196,418
DA:197,418
DA:198,418
DA:199,365
DA:200,223
DA:201,222
DA:202,222
DA:204,418
DA:206,59
DA:207,59
DA:208,59
DA:209,59
DA:210,59
DA:211,252
DA:212,252
DA:213,59
DA:214,59
DA:217,7
DA:218,7
DA:219,7
DA:220,7
DA:221,7
DA:222,7
DA:223,7
DA:224,7
DA:225,7
DA:226,7
DA:227,7
DA:234,6
DA:235,6
DA:236,6
DA:237,6
DA:239,6
DA:240,10
DA:241,9
DA:242,9
DA:243,10
DA:245,6
DA:246,10
DA:247,10
DA:248,9
DA:249,10
DA:250,7
DA:251,7
DA:252,7
DA:253,7
DA:254,7
DA:255,7
DA:256,7
DA:257,7
DA:258,7
DA:259,7
DA:260,7
DA:261,7
DA:262,7
DA:263,7
DA:264,10
DA:265,6
DA:266,6
DA:269,1
DA:270,28
DA:271,28
DA:272,28
DA:273,28
DA:274,28
DA:275,28
DA:276,28
DA:277,28
DA:278,28
DA:280,28
DA:281,28
DA:284,28
DA:285,28
DA:286,28
DA:287,28
DA:288,28
DA:290,28
DA:291,6
DA:292,22
DA:294,28
DA:295,28
DA:296,28
DA:297,28
DA:298,28
DA:299,28
DA:300,28
DA:302,28
DA:303,28
DA:307,28
DA:310,28
DA:311,446
DA:312,446
DA:313,446
DA:314,446
DA:315,446
DA:316,446
DA:317,446
DA:318,446
DA:319,446
DA:320,446
DA:321,446
DA:322,446
DA:323,446
DA:324,446
DA:325,446
DA:326,446
DA:327,446
DA:328,446
DA:329,446
DA:330,446
DA:331,446
DA:332,446
DA:335,28
DA:336,446
DA:337,446
DA:338,446
DA:339,446
DA:342,446
DA:343,1401
DA:344,1401
DA:345,1401
DA:346,1401
DA:349,446
DA:350,6
DA:351,6
DA:352,6
DA:353,8
DA:354,8
DA:355,8
DA:356,6
DA:358,446
DA:359,446
DA:360,446
DA:363,28
DA:364,28
DA:365,446
DA:366,446
DA:367,446
DA:368,446
DA:370,28
DA:371,446
DA:372,446
DA:373,446
DA:374,1416
DA:375,1401
DA:376,1416
DA:377,1416
DA:378,704
DA:379,1416
DA:380,446
DA:381,446
DA:382,446
DA:385,28
DA:386,28
DA:387,446
DA:388,446
DA:389,446
DA:390,446
DA:393,28
DA:394,1817
DA:395,1796
DA:396,1796
DA:397,1796
DA:398,1791
DA:399,353
DA:400,28
DA:403,28
DA:404,28
DA:405,253
DA:406,253
DA:409,253
DA:410,253
DA:411,418
DA:412,418
DA:413,193
DA:414,193
DA:416,253
DA:417,59
DA:418,59
DA:420,59
DA:421,59
DA:422,59
DA:423,0
DA:424,0
DA:425,0
DA:426,0
DA:427,0
DA:428,59
DA:430,59
DA:431,59
DA:432,59
DA:433,59
DA:434,59
DA:435,59
DA:436,59
DA:437,59
DA:438,0
DA:439,0
DA:440,0
DA:441,0
DA:442,0
DA:443,0
DA:444,0
DA:446,59
DA:447,59
DA:449,253
DA:450,253
DA:452,28
DA:453,28
DA:454,28
LF:352
LH:334
BRDA:17,0,0,3694
BRDA:18,1,0,3453
BRDA:18,2,0,241
BRDA:20,3,0,890
BRDA:21,4,0,2818
BRDA:23,5,0,3448
BRDA:26,6,0,12
BRDA:31,7,0,671
BRDA:37,8,0,28
BRDA:39,9,0,1416
BRDA:42,10,0,446
BRDA:44,11,0,970
BRDA:44,12,0,0
BRDA:49,13,0,1416
BRDA:54,14,0,696
BRDA:55,15,0,697
BRDA:57,16,0,6
BRDA:59,17,0,697
BRDA:60,18,0,698
BRDA:62,19,0,15
BRDA:64,20,0,0
BRDA:86,21,0,446
BRDA:95,22,0,1416
BRDA:99,23,0,720
BRDA:99,24,0,747
BRDA:99,25,0,697
BRDA:99,26,0,719
BRDA:100,27,0,22
BRDA:100,28,0,698
BRDA:100,29,0,21
BRDA:101,30,0,15
BRDA:101,31,0,6
BRDA:104,32,0,722
BRDA:105,33,0,721
BRDA:106,34,0,1410
BRDA:108,35,0,1401
BRDA:115,36,0,446
BRDA:118,37,0,446
BRDA:125,38,0,2802
BRDA:133,39,0,1401
BRDA:135,40,0,4352
BRDA:136,41,0,2141
BRDA:136,42,0,4328
BRDA:136,43,0,2212
BRDA:136,44,0,2140
BRDA:137,45,0,1
BRDA:137,46,0,0
BRDA:143,47,0,4352
BRDA:144,48,0,2153
BRDA:145,49,0,2225
BRDA:131,50,0,11536
BRDA:131,51,0,11504
BRDA:131,52,0,8704
BRDA:152,53,0,892
BRDA:153,54,0,2
BRDA:153,55,0,890
BRDA:154,56,0,2818
BRDA:157,57,0,59
BRDA:163,58,0,252
BRDA:169,59,0,252
BRDA:170,60,0,0
BRDA:171,61,0,616
BRDA:172,62,0,0
BRDA:174,63,0,608
BRDA:174,64,0,8
BRDA:176,65,0,8
BRDA:176,66,0,0
BRDA:177,67,0,6
BRDA:187,68,0,118
BRDA:188,69,0,59
BRDA:192,70,0,0
BRDA:165,71,0,6
BRDA:166,72,0,0
BRDA:181,73,0,504
BRDA:181,74,0,0
BRDA:183,75,0,193
BRDA:196,76,0,418
BRDA:198,77,0,365
BRDA:199,78,0,223
BRDA:200,79,0,222
BRDA:201,80,0,222
BRDA:206,81,0,59
BRDA:207,82,0,0
BRDA:208,83,0,0
BRDA:210,84,0,252
BRDA:211,85,0,0
BRDA:217,86,0,7
BRDA:219,87,0,5
BRDA:220,88,0,0
BRDA:221,89,0,2
BRDA:222,90,0,0
BRDA:223,91,0,0
BRDA:224,92,0,0
BRDA:225,93,0,0
BRDA:234,94,0,6
BRDA:239,95,0,10
BRDA:240,96,0,9
BRDA:245,97,0,10
BRDA:247,98,0,1
BRDA:247,99,0,9
BRDA:249,100,0,7
BRDA:237,101,0,18
BRDA:269,102,0,28
BRDA:281,103,0,0
BRDA:285,104,0,6
BRDA:285,105,0,22
BRDA:286,106,0,6
BRDA:286,107,0,22
BRDA:287,108,0,6
BRDA:287,109,0,22
BRDA:290,110,0,6
BRDA:291,111,0,22
BRDA:294,112,0,0
BRDA:296,113,0,0
BRDA:297,114,0,0
BRDA:298,115,0,0
BRDA:299,116,0,0
BRDA:310,117,0,446
BRDA:311,118,0,0
BRDA:335,119,0,446
BRDA:337,120,0,0
BRDA:342,121,0,1401
BRDA:343,122,0,1
BRDA:349,123,0,18
BRDA:349,124,0,6
BRDA:352,125,0,8
BRDA:364,126,0,446
BRDA:366,127,0,0
BRDA:370,128,0,446
BRDA:371,129,0,0
BRDA:373,130,0,1416
BRDA:374,131,0,15
BRDA:374,132,0,1401
BRDA:376,133,0,1
BRDA:377,134,0,705
BRDA:377,135,0,711
BRDA:377,136,0,697
BRDA:377,137,0,704
BRDA:378,138,0,6
BRDA:386,139,0,446
BRDA:388,140,0,0
BRDA:404,141,0,253
BRDA:406,142,0,0
BRDA:410,143,0,418
BRDA:412,144,0,225
BRDA:412,145,0,193
BRDA:416,146,0,59
BRDA:422,147,0,0
BRDA:422,148,0,0
BRDA:433,149,0,252
BRDA:437,150,0,0
BRDA:393,151,0,1817
BRDA:394,152,0,710
BRDA:394,153,0,1796
BRDA:394,154,0,1107
BRDA:395,155,0,705
BRDA:395,156,0,402
BRDA:396,157,0,1791
BRDA:396,158,0,1
BRDA:396,159,0,401
BRDA:397,160,0,0
BRDA:397,161,0,1791
BRDA:397,162,0,401
BRDA:398,163,0,48
BRDA:398,164,0,353
BRDA:418,165,0,252
BRDA:430,166,0,193
BRDA:434,167,0,479
BRDA:434,168,0,0
BRDA:434,169,0,0
BRDA:452,170,0,446
BRF:171
BRH:136
end_of_record
TN:
SF:src/standings/types.ts
FNF:0
FNH:0
DA:6,1
DA:7,1
DA:8,1
DA:9,1
DA:10,1
DA:11,1
DA:12,1
LF:7
LH:7
BRDA:6,0,0,23
BRF:1
BRH:1
end_of_record
TN:
SF:src/utils/hash.ts
FN:2,fnv1a
FNF:1
FNH:1
FNDA:276,fnv1a
DA:2,1
DA:3,276
DA:4,276
DA:5,9332
DA:6,9332
DA:7,9332
DA:8,9332
DA:9,9332
DA:10,9332
DA:11,9332
DA:12,9332
DA:13,9332
DA:14,9332
DA:15,276
DA:16,276
LF:15
LH:15
BRDA:2,0,0,276
BRDA:4,1,0,9332
BRF:2
BRH:2
end_of_record
TN:
SF:src/validations/core.ts
FN:7,makeCtx
FN:11,ok
FN:15,fail
FN:19,push
FN:28,isRecord
FN:32,vBoolean
FN:40,vString
FN:48,vNonEmptyString
FN:57,vNumber
FN:65,vFiniteNumber
FN:74,vInt
FN:83,vOptional
FN:93,vNullableString
FN:102,vArrayOf
FN:123,vArrayOfBool
FN:140,vLiteral
FN:157,vInRange01
FN:166,vNonNegInt
FNF:18
FNH:17
FNDA:36,makeCtx
FNDA:26,ok
FNDA:10,fail
FNDA:9,push
FNDA:83,isRecord
FNDA:4,vBoolean
FNDA:86,vString
FNDA:86,vNonEmptyString
FNDA:58,vNumber
FNDA:58,vFiniteNumber
FNDA:55,vInt
FNDA:112,vOptional
FNDA:13,vNullableString
FNDA:3,vArrayOf
FNDA:18,vArrayOfBool
FNDA:26,vLiteral
FNDA:0,vInRange01
FNDA:18,vNonNegInt
DA:7,1
DA:8,36
DA:9,36
DA:11,1
DA:12,26
DA:13,26
DA:15,1
DA:16,10
DA:17,10
DA:19,1
DA:20,9
DA:21,9
DA:22,9
DA:23,9
DA:24,9
DA:25,9
DA:26,9
DA:28,1
DA:29,83
DA:30,83
DA:32,1
DA:33,4
DA:34,0
DA:35,0
DA:36,0
DA:37,4
DA:38,4
DA:40,1
DA:41,86
DA:42,0
DA:43,0
DA:44,0
DA:45,86
DA:46,86
DA:48,1
DA:49,86
DA:50,86
DA:51,0
DA:52,0
DA:53,0
DA:54,86
DA:55,86
DA:57,1
DA:58,58
DA:59,0
DA:60,0
DA:61,0
DA:62,58
DA:63,58
DA:65,1
DA:66,58
DA:67,58
DA:68,0
DA:69,0
DA:70,0
DA:71,58
DA:72,58
DA:74,1
DA:75,55
DA:76,55
DA:77,0
DA:78,0
DA:79,0
DA:80,55
DA:81,55
DA:83,1
DA:84,112
DA:85,112
DA:86,112
DA:87,112
DA:88,112
DA:89,112
DA:90,27
DA:91,27
DA:93,1
DA:94,13
DA:95,13
DA:96,13
DA:97,13
DA:98,13
DA:99,12
DA:100,12
DA:102,1
DA:103,3
DA:104,3
DA:105,3
DA:106,3
DA:107,3
DA:108,3
DA:109,0
DA:110,0
DA:111,0
DA:112,3
DA:113,3
DA:114,3
DA:115,3
DA:116,3
DA:117,3
DA:123,1
DA:124,18
DA:125,18
DA:126,18
DA:127,18
DA:128,18
DA:129,18
DA:130,0
DA:131,0
DA:132,0
DA:133,18
DA:134,18
DA:135,36
DA:136,36
DA:137,18
DA:138,18
DA:140,1
DA:141,26
DA:142,26
DA:143,26
DA:144,26
DA:145,26
DA:146,26
DA:147,0
DA:148,0
DA:149,0
DA:150,26
DA:151,2
DA:152,2
DA:153,2
DA:154,24
DA:155,24
DA:157,1
DA:158,0
DA:159,0
DA:160,0
DA:161,0
DA:162,0
DA:163,0
DA:164,0
DA:166,1
DA:167,18
DA:168,18
DA:169,0
DA:170,0
DA:171,0
DA:172,18
DA:173,18
LF:146
LH:109
BRDA:7,0,0,36
BRDA:11,1,0,26
BRDA:15,2,0,10
BRDA:19,3,0,9
BRDA:28,4,0,83
BRDA:32,5,0,4
BRDA:33,6,0,0
BRDA:40,7,0,86
BRDA:41,8,0,0
BRDA:48,9,0,86
BRDA:49,10,0,0
BRDA:50,11,0,0
BRDA:57,12,0,58
BRDA:58,13,0,0
BRDA:65,14,0,58
BRDA:66,15,0,0
BRDA:67,16,0,0
BRDA:74,17,0,55
BRDA:75,18,0,0
BRDA:76,19,0,0
BRDA:83,20,0,112
BRDA:89,21,0,85
BRDA:89,22,0,27
BRDA:93,23,0,13
BRDA:98,24,0,1
BRDA:98,25,0,12
BRDA:102,26,0,3
BRDA:108,27,0,0
BRDA:114,28,0,0
BRDA:123,29,0,18
BRDA:129,30,0,0
BRDA:134,31,0,36
BRDA:135,32,0,1
BRDA:140,33,0,26
BRDA:146,34,0,0
BRDA:150,35,0,2
BRDA:153,36,0,24
BRDA:166,37,0,18
BRDA:167,38,0,0
BRDA:168,39,0,0
BRF:40
BRH:25
end_of_record
TN:
SF:src/validations/errors.ts
FN:22,ValidationException
FNF:1
FNH:1
FNDA:9,ValidationException
DA:21,1
DA:22,1
DA:23,9
DA:24,9
DA:25,9
DA:26,1
LF:6
LH:6
BRDA:22,0,0,9
BRDA:23,1,0,0
BRF:2
BRH:1
end_of_record
TN:
SF:src/validations/forfeit.ts
FN:8,validateForfeitRetirementInput
FNF:1
FNH:1
FNDA:3,validateForfeitRetirementInput
DA:5,1
DA:6,1
DA:8,1
DA:9,3
DA:10,3
DA:12,3
DA:15,3
DA:16,3
DA:17,1
DA:18,1
DA:19,1
DA:22,3
DA:23,3
DA:24,0
DA:25,0
DA:26,3
DA:27,3
DA:28,4
DA:29,4
DA:31,4
DA:32,0
DA:33,0
DA:34,0
DA:35,0
DA:37,4
DA:38,4
DA:39,4
DA:41,4
DA:42,1
DA:43,1
DA:44,1
DA:45,4
DA:46,3
DA:49,3
DA:50,3
DA:51,3
DA:52,3
DA:53,3
DA:54,3
DA:55,3
DA:58,3
DA:59,1
DA:60,0
DA:61,0
DA:62,1
DA:63,1
DA:64,0
DA:65,0
DA:66,0
DA:67,0
DA:68,0
DA:69,0
DA:70,1
DA:71,1
DA:74,3
DA:75,1
DA:76,1
DA:78,3
DA:81,1
DA:82,1
DA:83,1
DA:84,2
DA:85,2
DA:86,1
DA:87,1
DA:88,1
DA:89,3
DA:90,3
DA:91,3
DA:93,3
DA:94,3
LF:71
LH:57
BRDA:8,0,0,3
BRDA:10,1,0,0
BRDA:16,2,0,1
BRDA:23,3,0,0
BRDA:27,4,0,4
BRDA:31,5,0,0
BRDA:41,6,0,1
BRDA:58,7,0,1
BRDA:59,8,0,0
BRDA:63,9,0,0
BRDA:74,10,0,1
BRDA:78,11,0,1
BRDA:78,12,0,2
BRDA:78,13,0,1
BRDA:89,14,0,0
BRDA:90,15,0,1
BRDA:90,16,0,0
BRDA:52,17,0,3
BRDA:83,18,0,2
BRF:19
BRH:12
end_of_record
TN:
SF:src/validations/index.ts
FN:1,(empty-report)
FNF:1
FNH:0
FNDA:0,(empty-report)
DA:1,0
DA:2,0
DA:3,0
DA:4,0
LF:4
LH:0
BRDA:1,0,0,0
BRF:1
BRH:0
end_of_record
TN:
SF:src/validations/pairings.ts
FN:29,validatePairingRequest
FN:61,validatePairingResult
FN:137,vSwissRequest
FN:187,vRoundRobinRequest
FN:231,vSingleElimRequest
FN:277,vPlayerId
FN:281,vPairing
FN:295,vStandingRow
FN:309,vSwissHistoryMatch
FN:342,vSwissOptions
FN:367,vRoundRobinOptions
FN:373,vSeedEntry
FN:386,vSingleElimOptions
FN:398,vPairingsInvariants
FN:463,checkUnique
FN:471,extractStandingIds
FN:480,crossCheckSwissHistory
FN:504,vRecordOfNonNegInt
FNF:18
FNH:18
FNDA:7,validatePairingRequest
FNDA:3,validatePairingResult
FNDA:1,vSwissRequest
FNDA:3,vRoundRobinRequest
FNDA:2,vSingleElimRequest
FNDA:23,vPlayerId
FNDA:4,vPairing
FNDA:3,vStandingRow
FNDA:1,vSwissHistoryMatch
FNDA:1,vSwissOptions
FNDA:1,vRoundRobinOptions
FNDA:6,vSeedEntry
FNDA:1,vSingleElimOptions
FNDA:3,vPairingsInvariants
FNDA:8,checkUnique
FNDA:1,extractStandingIds
FNDA:1,crossCheckSwissHistory
FNDA:1,vRecordOfNonNegInt
DA:7,1
DA:23,1
DA:29,1
DA:30,7
DA:31,7
DA:32,7
DA:33,7
DA:35,7
DA:36,0
DA:37,0
DA:38,0
DA:40,7
DA:41,7
DA:42,7
DA:43,7
DA:44,7
DA:45,7
DA:46,7
DA:48,6
DA:50,7
DA:51,1
DA:52,7
DA:53,3
DA:54,5
DA:55,2
DA:56,2
DA:58,7
DA:59,7
DA:61,1
DA:62,3
DA:63,3
DA:64,3
DA:65,3
DA:66,3
DA:68,3
DA:69,0
DA:70,0
DA:71,0
DA:74,3
DA:75,0
DA:76,3
DA:77,3
DA:78,3
DA:79,3
DA:80,3
DA:81,3
DA:82,3
DA:83,3
DA:86,3
DA:87,3
DA:89,3
DA:90,1
DA:91,0
DA:92,1
DA:93,1
DA:94,1
DA:95,1
DA:96,1
DA:97,1
DA:98,1
DA:99,1
DA:100,1
DA:103,3
DA:104,1
DA:105,1
DA:106,3
DA:107,1
DA:108,0
DA:109,1
DA:110,1
DA:111,1
DA:112,1
DA:113,1
DA:114,1
DA:115,1
DA:116,1
DA:117,1
DA:120,3
DA:121,1
DA:122,0
DA:123,0
DA:124,1
DA:127,3
DA:130,3
DA:131,3
DA:137,1
DA:138,1
DA:139,1
DA:140,1
DA:141,1
DA:143,1
DA:144,0
DA:145,1
DA:146,1
DA:147,1
DA:148,1
DA:149,1
DA:150,1
DA:151,1
DA:153,1
DA:154,1
DA:155,1
DA:156,1
DA:157,1
DA:160,1
DA:161,0
DA:162,1
DA:163,1
DA:164,1
DA:165,1
DA:166,1
DA:167,1
DA:168,1
DA:169,1
DA:172,1
DA:173,1
DA:174,0
DA:175,1
DA:176,1
DA:177,1
DA:178,1
DA:181,1
DA:182,1
DA:183,1
DA:184,1
DA:185,1
DA:187,3
DA:188,3
DA:189,3
DA:190,3
DA:191,3
DA:193,3
DA:194,0
DA:195,3
DA:196,3
DA:198,3
DA:199,3
DA:201,3
DA:202,1
DA:203,1
DA:204,1
DA:205,1
DA:206,1
DA:207,1
DA:208,1
DA:209,3
DA:212,3
DA:213,0
DA:214,3
DA:215,3
DA:216,3
DA:217,1
DA:218,1
DA:219,3
DA:222,3
DA:223,1
DA:224,0
DA:225,1
DA:226,1
DA:227,1
DA:228,1
DA:229,3
DA:231,2
DA:232,2
DA:233,2
DA:234,2
DA:235,2
DA:237,2
DA:238,0
DA:239,2
DA:240,2
DA:242,2
DA:243,2
DA:244,2
DA:245,6
DA:246,6
DA:247,6
DA:248,6
DA:249,6
DA:250,6
DA:251,2
DA:252,2
DA:253,2
DA:256,2
DA:257,1
DA:258,0
DA:259,1
DA:260,1
DA:261,1
DA:262,1
DA:265,2
DA:266,1
DA:267,1
DA:268,0
DA:269,0
DA:270,1
DA:271,2
DA:277,23
DA:278,23
DA:279,23
DA:281,4
DA:282,4
DA:283,4
DA:284,4
DA:285,4
DA:286,4
DA:287,0
DA:288,0
DA:289,0
DA:290,4
DA:291,4
DA:292,4
DA:293,4
DA:295,3
DA:296,3
DA:297,0
DA:298,0
DA:299,0
DA:301,3
DA:302,3
DA:304,3
DA:306,3
DA:307,3
DA:309,1
DA:310,1
DA:311,0
DA:312,0
DA:313,0
DA:315,1
DA:317,1
DA:318,1
DA:319,0
DA:320,0
DA:322,1
DA:324,1
DA:325,1
DA:326,0
DA:329,1
DA:331,1
DA:332,1
DA:333,1
DA:334,0
DA:335,1
DA:336,0
DA:337,0
DA:339,1
DA:340,1
DA:342,1
DA:343,1
DA:344,1
DA:346,1
DA:347,1
DA:348,0
DA:349,0
DA:351,1
DA:352,1
DA:354,1
DA:355,1
DA:356,0
DA:357,0
DA:359,1
DA:360,1
DA:361,1
DA:362,1
DA:363,1
DA:364,1
DA:365,1
DA:367,1
DA:368,1
DA:369,1
DA:370,1
DA:371,1
DA:373,6
DA:374,6
DA:375,0
DA:376,0
DA:377,0
DA:378,6
DA:379,6
DA:380,6
DA:381,0
DA:382,0
DA:383,6
DA:384,6
DA:386,1
DA:387,1
DA:388,1
DA:389,0
DA:390,0
DA:391,1
DA:392,1
DA:398,3
DA:399,3
DA:400,3
DA:401,3
DA:402,3
DA:403,3
DA:404,3
DA:406,3
DA:407,3
DA:409,3
DA:410,3
DA:411,1
DA:412,2
DA:414,3
DA:415,3
DA:416,3
DA:418,3
DA:419,4
DA:420,4
DA:422,4
DA:423,4
DA:424,4
DA:426,4
DA:427,0
DA:428,0
DA:430,4
DA:431,4
DA:433,4
DA:434,4
DA:436,4
DA:437,4
DA:438,0
DA:439,0
DA:440,4
DA:442,4
DA:443,0
DA:444,0
DA:445,4
DA:447,3
DA:448,1
DA:449,0
DA:450,0
DA:451,1
DA:452,2
DA:453,0
DA:454,0
DA:455,2
DA:456,1
DA:457,3
DA:463,8
DA:464,8
DA:465,8
DA:466,23
DA:467,22
DA:468,23
DA:469,8
DA:471,1
DA:472,1
DA:473,1
DA:474,1
DA:475,3
DA:476,3
DA:477,1
DA:478,1
DA:480,1
DA:481,1
DA:482,1
DA:483,1
DA:484,1
DA:485,1
DA:486,1
DA:488,1
DA:489,1
DA:490,1
DA:492,1
DA:493,1
DA:495,1
DA:496,0
DA:497,0
DA:498,1
DA:499,0
DA:500,0
DA:501,1
DA:502,1
DA:504,1
DA:505,1
DA:506,0
DA:507,0
DA:508,0
DA:509,1
DA:510,3
DA:511,0
DA:512,0
DA:513,0
DA:514,3
DA:515,3
DA:516,3
DA:517,1
DA:518,1
LF:390
LH:323
BRDA:29,0,0,7
BRDA:35,1,0,0
BRDA:46,2,0,1
BRDA:46,3,0,6
BRDA:50,4,0,1
BRDA:52,5,0,5
BRDA:52,6,0,3
BRDA:54,7,0,2
BRDA:56,8,0,6
BRDA:58,9,0,3
BRDA:58,10,0,3
BRDA:61,11,0,3
BRDA:68,12,0,0
BRDA:74,13,0,0
BRDA:89,14,0,1
BRDA:90,15,0,0
BRDA:103,16,0,1
BRDA:106,17,0,1
BRDA:107,18,0,0
BRDA:120,19,0,1
BRDA:121,20,0,0
BRDA:130,21,0,0
BRDA:79,22,0,4
BRDA:95,23,0,1
BRDA:137,24,0,1
BRDA:143,25,0,0
BRDA:160,26,0,0
BRDA:173,27,0,0
BRDA:148,28,0,3
BRDA:154,29,0,3
BRDA:154,30,0,0
BRDA:155,31,0,3
BRDA:165,32,0,1
BRDA:187,33,0,3
BRDA:193,34,0,0
BRDA:201,35,0,1
BRDA:212,36,0,0
BRDA:216,37,0,1
BRDA:222,38,0,1
BRDA:223,39,0,0
BRDA:196,40,0,8
BRDA:198,41,0,8
BRDA:231,42,0,2
BRDA:237,43,0,0
BRDA:244,44,0,6
BRDA:256,45,0,1
BRDA:257,46,0,0
BRDA:265,47,0,1
BRDA:267,48,0,0
BRDA:240,49,0,6
BRDA:277,50,0,23
BRDA:281,51,0,4
BRDA:286,52,0,0
BRDA:295,53,0,3
BRDA:296,54,0,0
BRDA:309,55,0,1
BRDA:310,56,0,0
BRDA:318,57,0,0
BRDA:325,58,0,0
BRDA:333,59,0,0
BRDA:335,60,0,0
BRDA:342,61,0,1
BRDA:347,62,0,0
BRDA:347,63,0,0
BRDA:355,64,0,0
BRDA:355,65,0,0
BRDA:367,66,0,1
BRDA:373,67,0,6
BRDA:374,68,0,0
BRDA:380,69,0,0
BRDA:386,70,0,1
BRDA:388,71,0,0
BRDA:398,72,0,3
BRDA:404,73,0,0
BRDA:409,74,0,2
BRDA:409,75,0,1
BRDA:410,76,0,1
BRDA:411,77,0,2
BRDA:415,78,0,2
BRDA:416,79,0,1
BRDA:418,80,0,4
BRDA:420,81,0,0
BRDA:424,82,0,0
BRDA:426,83,0,0
BRDA:430,84,0,0
BRDA:431,85,0,0
BRDA:436,86,0,0
BRDA:437,87,0,0
BRDA:442,88,0,0
BRDA:447,89,0,1
BRDA:448,90,0,0
BRDA:451,91,0,2
BRDA:452,92,0,0
BRDA:411,93,0,1
BRDA:463,94,0,8
BRDA:465,95,0,23
BRDA:466,96,0,1
BRDA:466,97,0,22
BRDA:471,98,0,1
BRDA:472,99,0,0
BRDA:474,100,0,3
BRDA:480,101,0,1
BRDA:486,102,0,0
BRDA:490,103,0,0
BRDA:495,104,0,0
BRDA:498,105,0,0
BRDA:498,106,0,0
BRDA:504,107,0,1
BRDA:505,108,0,0
BRDA:509,109,0,3
BRDA:510,110,0,0
BRDA:514,111,0,0
BRDA:515,112,0,0
BRF:113
BRH:61
end_of_record
TN:
SF:src/validations/standings.ts
FN:36,vMatchResult
FN:44,vRetirementMode
FN:52,vOptionalNonNegInt
FN:60,vOptionalInRange01
FN:68,validateMatch
FN:145,validateMatches
FN:162,validateTiebreakFloors
FN:174,validatePoints
FN:187,validateVirtualBye
FN:200,validateComputeSwissOptions
FN:219,validateComputeRoundRobinOptions
FN:238,validateComputeSingleEliminationOptions
FN:269,validateRoundRobinMirrors
FN:278,keyOf
FN:306,validateComputeStandingsRequest
FNF:15
FNH:12
FNDA:13,vMatchResult
FNDA:0,vRetirementMode
FNDA:91,vOptionalNonNegInt
FNDA:0,vOptionalInRange01
FNDA:13,validateMatch
FNDA:0,validateMatches
FNDA:3,validateTiebreakFloors
FNDA:3,validatePoints
FNDA:3,validateVirtualBye
FNDA:1,validateComputeSwissOptions
FNDA:2,validateComputeRoundRobinOptions
FNDA:1,validateComputeSingleEliminationOptions
FNDA:2,validateRoundRobinMirrors
FNDA:1,keyOf
FNDA:6,validateComputeStandingsRequest
DA:11,1
DA:29,1
DA:31,1
DA:32,1
DA:36,13
DA:37,13
DA:38,13
DA:39,13
DA:40,13
DA:41,13
DA:42,13
DA:44,0
DA:45,0
DA:46,0
DA:47,0
DA:48,0
DA:49,0
DA:50,0
DA:52,91
DA:53,91
DA:54,91
DA:55,91
DA:56,91
DA:57,91
DA:58,91
DA:60,0
DA:61,0
DA:62,0
DA:63,0
DA:64,0
DA:65,0
DA:66,0
DA:68,1
DA:69,13
DA:70,13
DA:72,13
DA:75,13
DA:76,13
DA:77,13
DA:78,13
DA:79,13
DA:81,13
DA:83,13
DA:84,0
DA:85,0
DA:86,0
DA:89,13
DA:90,13
DA:91,13
DA:93,13
DA:94,13
DA:95,13
DA:97,13
DA:100,13
DA:101,13
DA:102,1
DA:103,1
DA:104,1
DA:105,1
DA:106,13
DA:107,12
DA:108,0
DA:109,0
DA:110,0
DA:111,12
DA:112,13
DA:114,13
DA:115,12
DA:116,0
DA:117,0
DA:118,0
DA:119,12
DA:121,13
DA:124,12
DA:125,12
DA:126,12
DA:127,12
DA:128,12
DA:129,12
DA:131,12
DA:132,12
DA:133,12
DA:135,12
DA:136,12
DA:137,12
DA:139,12
DA:140,12
DA:142,12
DA:143,12
DA:145,1
DA:146,0
DA:147,0
DA:148,0
DA:149,0
DA:150,0
DA:151,0
DA:152,0
DA:153,0
DA:154,0
DA:155,0
DA:156,0
DA:157,0
DA:158,0
DA:159,0
DA:162,3
DA:163,3
DA:164,0
DA:165,0
DA:166,0
DA:167,0
DA:168,0
DA:169,0
DA:170,0
DA:171,0
DA:172,0
DA:174,3
DA:175,3
DA:176,0
DA:177,0
DA:178,0
DA:179,0
DA:180,0
DA:181,0
DA:182,0
DA:183,0
DA:184,0
DA:185,0
DA:187,3
DA:188,3
DA:189,0
DA:190,0
DA:191,0
DA:192,0
DA:193,0
DA:194,0
DA:195,0
DA:196,0
DA:197,0
DA:200,1
DA:201,1
DA:202,1
DA:203,1
DA:205,1
DA:206,1
DA:207,1
DA:209,1
DA:210,1
DA:211,1
DA:213,1
DA:215,1
DA:216,1
DA:217,1
DA:219,1
DA:220,2
DA:221,2
DA:222,2
DA:224,2
DA:225,2
DA:226,2
DA:228,2
DA:229,2
DA:230,2
DA:232,2
DA:234,2
DA:235,2
DA:236,2
DA:238,1
DA:239,1
DA:240,1
DA:241,1
DA:243,1
DA:244,1
DA:246,1
DA:248,1
DA:249,1
DA:250,0
DA:251,1
DA:252,1
DA:253,4
DA:254,0
DA:255,0
DA:256,0
DA:257,4
DA:258,0
DA:259,0
DA:260,4
DA:261,1
DA:262,1
DA:264,1
DA:265,1
DA:266,1
DA:269,2
DA:270,2
DA:271,2
DA:272,2
DA:273,2
DA:274,2
DA:275,2
DA:277,1
DA:278,1
DA:279,1
DA:280,1
DA:281,1
DA:282,1
DA:284,1
DA:285,1
DA:286,1
DA:287,1
DA:288,1
DA:289,1
DA:291,1
DA:292,1
DA:293,1
DA:294,1
DA:295,1
DA:296,1
DA:297,1
DA:298,1
DA:300,1
DA:301,1
DA:302,1
DA:303,1
DA:306,1
DA:307,6
DA:308,6
DA:310,6
DA:312,6
DA:314,6
DA:315,6
DA:316,6
DA:317,6
DA:318,13
DA:319,13
DA:320,13
DA:321,13
DA:322,6
DA:323,6
DA:324,6
DA:325,6
DA:327,6
DA:328,4
DA:329,0
DA:330,0
DA:331,4
DA:332,1
DA:333,1
DA:334,4
DA:335,2
DA:336,2
DA:337,3
DA:338,1
DA:339,1
DA:340,1
DA:341,4
DA:343,6
DA:344,2
DA:345,2
DA:346,2
DA:347,0
DA:348,2
DA:349,2
DA:351,6
DA:352,3
DA:353,3
LF:264
LH:190
BRDA:36,0,0,13
BRDA:52,1,0,91
BRDA:68,2,0,13
BRDA:70,3,0,0
BRDA:83,4,0,0
BRDA:101,5,0,1
BRDA:106,6,0,12
BRDA:107,7,0,0
BRDA:114,8,0,12
BRDA:115,9,0,0
BRDA:121,10,0,12
BRDA:121,11,0,1
BRDA:121,12,0,12
BRDA:162,13,0,3
BRDA:163,14,0,0
BRDA:174,15,0,3
BRDA:175,16,0,0
BRDA:187,17,0,3
BRDA:188,18,0,0
BRDA:200,19,0,1
BRDA:202,20,0,0
BRDA:203,21,0,0
BRDA:206,22,0,0
BRDA:207,23,0,0
BRDA:213,24,0,0
BRDA:215,25,0,0
BRDA:219,26,0,2
BRDA:221,27,0,0
BRDA:222,28,0,0
BRDA:224,29,0,1
BRDA:225,30,0,0
BRDA:232,31,0,0
BRDA:234,32,0,0
BRDA:238,33,0,1
BRDA:240,34,0,0
BRDA:241,35,0,0
BRDA:244,36,0,0
BRDA:246,37,0,0
BRDA:249,38,0,0
BRDA:252,39,0,4
BRDA:253,40,0,0
BRDA:257,41,0,0
BRDA:264,42,0,0
BRDA:269,43,0,2
BRDA:275,44,0,1
BRDA:285,45,0,0
BRDA:278,46,0,1
BRDA:279,47,0,0
BRDA:280,48,0,0
BRDA:306,49,0,6
BRDA:308,50,0,0
BRDA:312,51,0,5
BRDA:325,52,0,5
BRDA:327,53,0,4
BRDA:328,54,0,0
BRDA:331,55,0,1
BRDA:333,56,0,0
BRDA:334,57,0,3
BRDA:334,58,0,2
BRDA:336,59,0,0
BRDA:337,60,0,1
BRDA:339,61,0,0
BRDA:343,62,0,2
BRDA:343,63,0,2
BRDA:346,64,0,0
BRDA:351,65,0,4
BRDA:351,66,0,3
BRDA:317,67,0,13
BRDA:319,68,0,1
BRF:69
BRH:34
end_of_record
