TN:
SF:src/index.ts
FNF:0
FNH:0
DA:25,1
DA:31,1
DA:41,1
DA:47,1
DA:59,1
DA:69,1
DA:80,1
DA:93,1
LF:8
LH:8
BRF:0
BRH:0
end_of_record
TN:
SF:src/pairings/index.ts
FN:63,generatePairings
FN:119,getRoundRobinRoundOrThrow
FN:135,generatePairingsDeprecated
FN:167,slotPlayerId
FNF:4
FNH:4
FNDA:10,generatePairings
FNDA:2,getRoundRobinRoundOrThrow
FNDA:1,generatePairingsDeprecated
FNDA:24,slotPlayerId
DA:3,1
DA:8,1
DA:16,1
DA:63,1
DA:64,10
DA:65,3
DA:66,3
DA:67,3
DA:68,3
DA:69,3
DA:70,3
DA:71,3
DA:72,3
DA:74,9
DA:75,2
DA:76,2
DA:77,2
DA:78,2
DA:79,2
DA:80,2
DA:81,2
DA:82,2
DA:83,2
DA:84,2
DA:85,2
DA:86,2
DA:88,7
DA:90,4
DA:91,4
DA:92,4
DA:94,4
DA:95,4
DA:97,4
DA:98,12
DA:99,12
DA:100,12
DA:101,6
DA:102,6
DA:103,12
DA:105,4
DA:106,4
DA:107,4
DA:108,4
DA:109,4
DA:110,4
DA:111,4
DA:114,1
DA:115,1
DA:116,1
DA:119,2
DA:120,2
DA:121,2
DA:122,2
DA:123,2
DA:124,2
DA:125,2
DA:135,1
DA:136,1
DA:137,1
DA:138,1
DA:139,1
DA:140,1
DA:141,1
DA:144,1
DA:150,1
DA:158,1
DA:167,24
DA:168,24
DA:169,24
DA:170,24
DA:171,24
DA:172,24
LF:72
LH:72
BRDA:63,0,0,10
BRDA:64,1,0,3
BRDA:72,2,0,9
BRDA:72,3,0,7
BRDA:74,4,0,2
BRDA:86,5,0,7
BRDA:86,6,0,5
BRDA:88,7,0,4
BRDA:91,8,0,0
BRDA:92,9,0,0
BRDA:97,10,0,12
BRDA:100,11,0,8
BRDA:100,12,0,6
BRDA:101,13,0,2
BRDA:101,14,0,0
BRDA:102,15,0,2
BRDA:102,16,0,2
BRDA:108,17,0,2
BRDA:108,18,0,2
BRDA:111,19,0,1
BRDA:119,20,0,2
BRDA:135,21,0,1
BRDA:167,22,0,24
BRDA:170,23,0,0
BRDA:171,24,0,10
BRDA:171,25,0,14
BRF:26
BRH:22
end_of_record
TN:
SF:src/pairings/roundrobin.ts
FN:35,fnv1a
FN:45,mulberry32
FN:56,shuffleInPlace
FN:68,buildRoundRobinSchedule
FN:146,getRoundRobinRound
FNF:5
FNH:5
FNDA:3,fnv1a
FNDA:3,mulberry32
FNDA:3,shuffleInPlace
FNDA:16,buildRoundRobinSchedule
FNDA:4,getRoundRobinRound
DA:35,3
DA:36,3
DA:37,3
DA:38,30
DA:39,30
DA:40,30
DA:41,3
DA:42,3
DA:45,3
DA:46,3
DA:47,3
DA:48,15
DA:49,15
DA:50,15
DA:51,15
DA:52,15
DA:53,3
DA:56,3
DA:57,3
DA:58,3
DA:59,15
DA:60,15
DA:61,15
DA:62,3
DA:68,1
DA:69,16
DA:70,16
DA:71,16
DA:72,16
DA:73,16
DA:74,16
DA:75,16
DA:76,16
DA:78,16
DA:80,0
DA:81,0
DA:83,0
DA:86,16
DA:87,16
DA:90,16
DA:91,16
DA:92,16
DA:93,4
DA:94,1
DA:95,1
DA:96,3
DA:97,3
DA:99,15
DA:100,15
DA:101,15
DA:104,15
DA:105,15
DA:107,16
DA:108,61
DA:109,61
DA:111,61
DA:112,166
DA:113,166
DA:114,166
DA:115,17
DA:116,166
DA:117,149
DA:118,149
DA:119,166
DA:121,61
DA:124,61
DA:125,61
DA:126,61
DA:127,61
DA:128,61
DA:130,16
DA:133,1
DA:134,3
DA:135,3
DA:136,3
DA:137,1
DA:139,1
DA:140,1
DA:146,1
DA:147,4
DA:148,4
DA:149,4
DA:150,4
DA:151,4
DA:152,4
DA:153,4
DA:154,2
DA:155,2
DA:156,2
DA:157,2
DA:158,2
LF:91
LH:88
BRDA:35,0,0,3
BRDA:37,1,0,30
BRDA:45,2,0,3
BRDA:47,3,0,15
BRDA:56,4,0,3
BRDA:58,5,0,15
BRDA:68,6,0,16
BRDA:76,7,0,10
BRDA:78,8,0,0
BRDA:87,9,0,3
BRDA:92,10,0,4
BRDA:93,11,0,1
BRDA:95,12,0,3
BRDA:97,13,0,15
BRDA:107,14,0,61
BRDA:111,15,0,166
BRDA:114,16,0,159
BRDA:114,17,0,17
BRDA:115,18,0,7
BRDA:115,19,0,10
BRDA:116,20,0,149
BRDA:128,21,0,15
BRDA:130,22,0,14
BRDA:130,23,0,1
BRDA:133,24,0,3
BRDA:136,25,0,6
BRDA:146,26,0,4
BRDA:153,27,0,2
BRF:28
BRH:27
end_of_record
TN:
SF:src/pairings/singleelimination.ts
FN:54,generateSingleEliminationBracket
FN:160,applyResult
FN:230,autoAdvanceByes
FN:247,nextPow2
FN:253,normalizeBestOf
FN:258,makeMatchId
FN:263,seedPositions
FN:278,slotPlayerId
FN:284,isWinnerSlotOf
FN:288,findMatch
FNF:10
FNH:10
FNDA:19,generateSingleEliminationBracket
FNDA:34,applyResult
FNDA:19,autoAdvanceByes
FNDA:18,nextPow2
FNDA:18,normalizeBestOf
FNDA:94,makeMatchId
FNDA:24,seedPositions
FNDA:92,slotPlayerId
FNDA:46,isWinnerSlotOf
FNDA:69,findMatch
DA:54,1
DA:55,19
DA:56,19
DA:57,19
DA:58,19
DA:60,19
DA:61,19
DA:64,19
DA:67,19
DA:68,19
DA:69,19
DA:72,19
DA:75,19
DA:76,19
DA:77,19
DA:79,19
DA:80,112
DA:81,112
DA:82,112
DA:83,97
DA:84,112
DA:86,15
DA:87,15
DA:88,112
DA:91,18
DA:92,18
DA:93,19
DA:94,56
DA:95,56
DA:96,56
DA:97,56
DA:98,56
DA:99,56
DA:100,56
DA:101,56
DA:102,56
DA:103,56
DA:104,56
DA:105,18
DA:108,18
DA:109,18
DA:110,19
DA:111,27
DA:112,27
DA:113,38
DA:114,38
DA:115,38
DA:117,38
DA:118,38
DA:120,38
DA:121,38
DA:122,38
DA:123,38
DA:124,27
DA:125,27
DA:126,27
DA:127,27
DA:130,18
DA:131,19
DA:132,5
DA:133,5
DA:134,5
DA:135,5
DA:136,5
DA:137,5
DA:138,5
DA:139,5
DA:140,5
DA:141,5
DA:142,5
DA:143,5
DA:144,5
DA:145,5
DA:147,18
DA:148,18
DA:149,18
DA:150,18
DA:151,18
DA:154,18
DA:156,18
DA:157,18
DA:160,1
DA:161,34
DA:162,34
DA:163,34
DA:164,34
DA:165,34
DA:166,34
DA:168,33
DA:169,33
DA:170,34
DA:172,32
DA:173,34
DA:174,19
DA:175,11
DA:178,34
DA:179,6
DA:180,0
DA:181,6
DA:183,34
DA:184,0
DA:185,0
DA:187,34
DA:190,34
DA:191,34
DA:194,34
DA:195,31
DA:196,31
DA:199,31
DA:200,16
DA:201,17
DA:202,11
DA:203,15
DA:205,0
DA:206,4
DA:207,4
DA:208,4
DA:209,31
DA:212,34
DA:213,4
DA:214,4
DA:215,4
DA:216,4
DA:217,4
DA:218,2
DA:219,4
DA:220,4
DA:223,32
DA:224,34
DA:230,1
DA:231,19
DA:232,19
DA:233,60
DA:234,60
DA:235,60
DA:236,0
DA:237,0
DA:238,60
DA:239,18
DA:240,18
DA:241,18
DA:242,60
DA:243,19
DA:247,18
DA:248,18
DA:249,18
DA:250,18
DA:251,18
DA:253,18
DA:254,18
DA:255,18
DA:256,18
DA:258,94
DA:259,94
DA:260,94
DA:263,1
DA:264,24
DA:265,22
DA:266,24
DA:267,31
DA:268,31
DA:269,31
DA:270,86
DA:271,86
DA:272,86
DA:273,31
DA:274,31
DA:275,22
DA:276,22
DA:278,92
DA:279,92
DA:280,92
DA:281,21
DA:282,21
DA:284,46
DA:285,46
DA:286,46
DA:288,69
DA:289,69
DA:290,109
DA:291,257
DA:292,257
DA:293,45
DA:294,69
DA:295,4
DA:296,4
DA:297,1
DA:298,1
DA:301,1
LF:189
LH:183
BRDA:54,0,0,19
BRDA:58,1,0,1
BRDA:58,2,0,18
BRDA:60,3,0,15
BRDA:77,4,0,97
BRDA:77,5,0,18
BRDA:79,6,0,112
BRDA:82,7,0,97
BRDA:84,8,0,15
BRDA:88,9,0,18
BRDA:93,10,0,56
BRDA:104,11,0,18
BRDA:110,12,0,27
BRDA:112,13,0,38
BRDA:127,14,0,18
BRDA:131,15,0,5
BRDA:131,16,0,5
BRDA:145,17,0,18
BRDA:64,18,0,79
BRDA:160,19,0,34
BRDA:166,20,0,1
BRDA:166,21,0,33
BRDA:170,22,0,1
BRDA:170,23,0,1
BRDA:170,24,0,32
BRDA:173,25,0,31
BRDA:173,26,0,13
BRDA:173,27,0,19
BRDA:174,28,0,18
BRDA:174,29,0,8
BRDA:174,30,0,11
BRDA:175,31,0,32
BRDA:178,32,0,6
BRDA:178,33,0,6
BRDA:179,34,0,0
BRDA:181,35,0,32
BRDA:183,36,0,0
BRDA:183,37,0,0
BRDA:185,38,0,32
BRDA:187,39,0,0
BRDA:187,40,0,32
BRDA:190,41,0,26
BRDA:190,42,0,6
BRDA:194,43,0,31
BRDA:196,44,0,0
BRDA:199,45,0,17
BRDA:199,46,0,16
BRDA:201,47,0,15
BRDA:201,48,0,11
BRDA:203,49,0,4
BRDA:203,50,0,0
BRDA:209,51,0,32
BRDA:212,52,0,4
BRDA:213,53,0,2
BRDA:213,54,0,2
BRDA:216,55,0,0
BRDA:217,56,0,2
BRDA:220,57,0,32
BRDA:230,58,0,19
BRDA:231,59,0,0
BRDA:232,60,0,60
BRDA:235,61,0,0
BRDA:235,62,0,0
BRDA:238,63,0,18
BRDA:238,64,0,18
BRDA:247,65,0,18
BRDA:249,66,0,45
BRDA:253,67,0,18
BRDA:255,68,0,17
BRDA:255,69,0,1
BRDA:258,70,0,94
BRDA:263,71,0,24
BRDA:264,72,0,2
BRDA:264,73,0,22
BRDA:266,74,0,31
BRDA:269,75,0,86
BRDA:274,76,0,22
BRDA:278,77,0,92
BRDA:279,78,0,2
BRDA:279,79,0,90
BRDA:280,80,0,69
BRDA:280,81,0,21
BRDA:284,82,0,46
BRDA:285,83,0,29
BRDA:288,84,0,69
BRDA:289,85,0,109
BRDA:290,86,0,257
BRDA:291,87,0,64
BRDA:292,88,0,45
BRDA:293,89,0,52
BRDA:293,90,0,5
BRDA:294,91,0,4
BRDA:294,92,0,63
BRDA:294,93,0,4
BRDA:296,94,0,1
BRF:95
BRH:85
end_of_record
TN:
SF:src/pairings/swiss.ts
FN:50,fnv1a
FN:60,at
FN:66,generateSwissPairings
FN:93,pw
FN:139,seedKey
FN:155,downfloat
FN:167,pairBag
FN:169,run
FN:174,dfs
FNF:9
FNH:7
FNDA:0,fnv1a
FNDA:111,at
FNDA:39,generateSwissPairings
FNDA:761,pw
FNDA:0,seedKey
FNDA:16,downfloat
FNDA:80,pairBag
FNDA:99,run
FNDA:357,dfs
DA:50,0
DA:51,0
DA:52,0
DA:53,0
DA:54,0
DA:55,0
DA:56,0
DA:57,0
DA:60,111
DA:61,111
DA:62,111
DA:66,1
DA:67,39
DA:68,39
DA:69,39
DA:70,39
DA:71,39
DA:72,39
DA:73,39
DA:74,39
DA:75,39
DA:76,39
DA:77,39
DA:78,39
DA:79,39
DA:83,39
DA:86,39
DA:87,39
DA:88,39
DA:89,39
DA:90,39
DA:93,39
DA:94,761
DA:95,761
DA:96,196
DA:97,196
DA:98,196
DA:99,761
DA:100,761
DA:102,39
DA:103,203
DA:105,203
DA:108,39
DA:109,116
DA:110,116
DA:111,116
DA:112,6
DA:113,116
DA:114,110
DA:115,110
DA:116,110
DA:117,116
DA:120,39
DA:121,39
DA:122,203
DA:123,203
DA:124,203
DA:125,203
DA:126,39
DA:129,39
DA:130,39
DA:132,11
DA:133,11
DA:134,11
DA:135,11
DA:136,11
DA:137,11
DA:139,39
DA:141,39
DA:142,39
DA:145,39
DA:146,68
DA:147,68
DA:148,39
DA:150,39
DA:151,39
DA:152,203
DA:153,39
DA:155,39
DA:156,16
DA:157,16
DA:158,16
DA:159,16
DA:160,0
DA:161,0
DA:162,16
DA:163,16
DA:164,16
DA:167,39
DA:169,80
DA:170,99
DA:171,99
DA:172,99
DA:174,99
DA:175,357
DA:176,357
DA:177,293
DA:178,357
DA:179,357
DA:182,173
DA:183,173
DA:184,355
DA:185,281
DA:186,281
DA:187,253
DA:188,281
DA:189,229
DA:190,281
DA:193,355
DA:194,132
DA:195,132
DA:197,142
DA:198,357
DA:201,357
DA:202,122
DA:203,122
DA:204,122
DA:205,0
DA:206,122
DA:207,122
DA:208,0
DA:209,357
DA:211,357
DA:212,138
DA:213,138
DA:214,138
DA:215,138
DA:216,138
DA:218,42
DA:219,42
DA:220,42
DA:221,42
DA:223,46
DA:224,357
DA:226,99
DA:227,99
DA:228,99
DA:229,99
DA:232,80
DA:233,80
DA:236,19
DA:237,80
DA:240,39
DA:241,68
DA:242,68
DA:244,68
DA:245,68
DA:247,64
DA:250,68
DA:252,16
DA:253,36
DA:254,36
DA:255,16
DA:256,16
DA:257,16
DA:258,0
DA:259,16
DA:262,16
DA:263,16
DA:265,16
DA:266,16
DA:267,0
DA:268,16
DA:271,67
DA:272,96
DA:273,96
DA:274,96
DA:275,96
DA:276,96
DA:277,96
DA:278,96
DA:279,64
DA:282,39
DA:283,0
DA:284,0
DA:285,0
DA:286,0
DA:287,0
DA:288,0
DA:289,0
DA:290,0
DA:291,0
DA:292,0
DA:293,0
DA:294,0
DA:295,0
DA:296,0
DA:297,0
DA:300,39
DA:301,39
DA:302,203
DA:303,39
DA:304,39
DA:305,57
DA:306,57
DA:307,57
DA:308,0
DA:309,57
DA:310,57
DA:311,0
DA:312,39
DA:314,39
DA:315,39
LF:203
LH:172
BRDA:60,0,0,111
BRDA:66,1,0,39
BRDA:79,2,0,0
BRDA:102,3,0,203
BRDA:108,4,0,116
BRDA:111,5,0,6
BRDA:113,6,0,110
BRDA:121,7,0,203
BRDA:122,8,0,68
BRDA:130,9,0,11
BRDA:135,10,0,0
BRDA:240,11,0,68
BRDA:242,12,0,0
BRDA:245,13,0,67
BRDA:245,14,0,4
BRDA:245,15,0,64
BRDA:250,16,0,16
BRDA:257,17,0,0
BRDA:259,18,0,0
BRDA:266,19,0,0
BRDA:268,20,0,67
BRDA:268,21,0,64
BRDA:271,22,0,96
BRDA:275,23,0,5
BRDA:278,24,0,64
BRDA:282,25,0,0
BRDA:83,26,0,206
BRDA:86,27,0,203
BRDA:93,28,0,761
BRDA:95,29,0,196
BRDA:126,30,0,29
BRDA:133,31,0,14
BRDA:145,32,0,68
BRDA:147,33,0,0
BRDA:147,34,0,203
BRDA:151,35,0,203
BRDA:155,36,0,16
BRDA:159,37,0,0
BRDA:162,38,0,0
BRDA:167,39,0,80
BRDA:233,40,0,61
BRDA:233,41,0,77
BRDA:233,42,0,61
BRDA:233,43,0,19
BRDA:169,44,0,99
BRDA:174,45,0,357
BRDA:175,46,0,0
BRDA:176,47,0,64
BRDA:176,48,0,293
BRDA:178,49,0,0
BRDA:178,50,0,293
BRDA:179,51,0,355
BRDA:179,52,0,120
BRDA:179,53,0,173
BRDA:184,54,0,281
BRDA:186,55,0,28
BRDA:186,56,0,253
BRDA:188,57,0,24
BRDA:188,58,0,229
BRDA:190,59,0,173
BRDA:193,60,0,132
BRDA:194,61,0,31
BRDA:195,62,0,142
BRDA:198,63,0,111
BRDA:198,64,0,31
BRDA:198,65,0,0
BRDA:211,66,0,138
BRDA:216,67,0,96
BRDA:216,68,0,42
BRDA:221,69,0,46
BRDA:201,70,0,122
BRDA:204,71,0,0
BRDA:206,72,0,0
BRDA:207,73,0,0
BRDA:227,74,0,274
BRDA:244,75,0,208
BRDA:252,76,0,36
BRDA:253,77,0,0
BRDA:254,78,0,6
BRDA:254,79,0,30
BRDA:262,80,0,36
BRDA:301,81,0,203
BRDA:304,82,0,57
BRDA:305,83,0,0
BRDA:306,84,0,0
BRDA:307,85,0,0
BRDA:309,86,0,0
BRDA:310,87,0,0
BRF:88
BRH:66
end_of_record
TN:
SF:src/ratings/elo.ts
FN:18,getWasm
FN:32,expectedScore
FN:38,expectedScoreAsync
FN:50,updateEloRatings
FN:69,getR
FN:72,apply
FN:81,scoreOfA
FN:107,getSnap
FN:137,updateEloRatingsWasm
FN:161,expected
FN:167,getR
FN:170,apply
FN:179,scoreOfA
FN:204,getSnap
FNF:14
FNH:13
FNDA:9,getWasm
FNDA:55,expectedScore
FNDA:7,expectedScoreAsync
FNDA:29,updateEloRatings
FNDA:50,getR
FNDA:68,apply
FNDA:34,scoreOfA
FNDA:18,getSnap
FNDA:2,updateEloRatingsWasm
FNDA:3,expected
FNDA:6,getR
FNDA:6,apply
FNDA:3,scoreOfA
FNDA:0,getSnap
DA:3,1
DA:17,1
DA:18,9
DA:19,9
DA:21,5
DA:22,5
DA:23,9
DA:24,9
DA:32,1
DA:34,55
DA:35,55
DA:38,7
DA:39,7
DA:40,7
DA:41,0
DA:42,7
DA:43,7
DA:44,7
DA:45,7
DA:50,1
DA:51,29
DA:52,29
DA:53,29
DA:54,29
DA:55,29
DA:56,29
DA:57,29
DA:58,29
DA:59,29
DA:60,29
DA:61,29
DA:62,29
DA:63,29
DA:64,29
DA:66,29
DA:67,29
DA:69,29
DA:70,50
DA:72,29
DA:73,68
DA:74,68
DA:75,68
DA:76,68
DA:77,68
DA:78,68
DA:79,68
DA:81,29
DA:82,34
DA:84,29
DA:85,24
DA:86,25
DA:87,25
DA:89,25
DA:90,25
DA:92,25
DA:93,25
DA:95,25
DA:96,25
DA:97,25
DA:99,25
DA:101,25
DA:102,25
DA:103,25
DA:104,29
DA:106,5
DA:107,5
DA:108,18
DA:110,5
DA:111,9
DA:112,9
DA:114,9
DA:115,9
DA:117,9
DA:118,9
DA:120,9
DA:121,9
DA:122,9
DA:124,9
DA:126,9
DA:127,9
DA:128,9
DA:129,5
DA:131,29
DA:132,29
DA:137,2
DA:138,2
DA:139,2
DA:140,2
DA:141,2
DA:142,2
DA:143,2
DA:144,2
DA:145,2
DA:146,2
DA:147,2
DA:148,2
DA:149,2
DA:150,2
DA:151,2
DA:153,2
DA:154,2
DA:155,2
DA:156,0
DA:157,2
DA:159,2
DA:161,2
DA:162,3
DA:164,2
DA:165,2
DA:167,2
DA:168,6
DA:170,2
DA:171,6
DA:172,6
DA:173,6
DA:174,6
DA:175,6
DA:176,6
DA:177,6
DA:179,2
DA:180,3
DA:182,2
DA:183,2
DA:184,3
DA:185,3
DA:187,3
DA:188,3
DA:190,3
DA:191,3
DA:193,3
DA:194,3
DA:195,3
DA:197,3
DA:199,3
DA:200,3
DA:201,3
DA:202,2
DA:203,0
DA:204,0
DA:205,0
DA:207,0
DA:208,0
DA:209,0
DA:211,0
DA:212,0
DA:214,0
DA:215,0
DA:217,0
DA:218,0
DA:219,0
DA:221,0
DA:223,0
DA:224,0
DA:225,0
DA:226,0
DA:228,2
DA:229,2
LF:157
LH:137
BRDA:18,0,0,9
BRDA:19,1,0,5
BRDA:21,2,0,5
BRDA:32,3,0,55
BRDA:38,4,0,7
BRDA:40,5,0,0
BRDA:50,6,0,29
BRDA:64,7,0,0
BRDA:84,8,0,24
BRDA:85,9,0,25
BRDA:95,10,0,6
BRDA:95,11,0,19
BRDA:96,12,0,23
BRDA:97,13,0,24
BRDA:99,14,0,22
BRDA:104,15,0,5
BRDA:110,16,0,9
BRDA:120,17,0,0
BRDA:69,18,0,50
BRDA:70,19,0,5
BRDA:70,20,0,5
BRDA:72,21,0,68
BRDA:73,22,0,5
BRDA:75,23,0,8
BRDA:76,24,0,8
BRDA:78,25,0,62
BRDA:81,26,0,34
BRDA:82,27,0,18
BRDA:82,28,0,16
BRDA:82,29,0,10
BRDA:82,30,0,6
BRDA:107,31,0,18
BRDA:108,32,0,0
BRDA:108,33,0,0
BRDA:137,34,0,2
BRDA:151,35,0,0
BRDA:155,36,0,0
BRDA:183,37,0,3
BRDA:193,38,0,1
BRDA:193,39,0,2
BRDA:202,40,0,0
BRDA:161,41,0,3
BRDA:162,42,0,0
BRDA:167,43,0,6
BRDA:168,44,0,0
BRDA:168,45,0,0
BRDA:170,46,0,6
BRDA:171,47,0,0
BRDA:173,48,0,0
BRDA:174,49,0,0
BRDA:176,50,0,5
BRDA:179,51,0,3
BRDA:180,52,0,2
BRDA:180,53,0,1
BRDA:180,54,0,0
BRF:55
BRH:40
end_of_record
TN:
SF:src/ratings/index.ts
FN:17,updateRatings
FNF:1
FNH:1
FNDA:3,updateRatings
DA:2,1
DA:17,1
DA:18,3
DA:19,2
DA:20,2
DA:21,2
DA:23,1
DA:24,1
LF:8
LH:8
BRDA:17,0,0,3
BRDA:18,1,0,2
BRDA:21,2,0,1
BRF:3
BRH:3
end_of_record
TN:
SF:src/ratings/types.ts
FN:52,isDraw
FNF:1
FNH:1
FNDA:3,isDraw
DA:52,1
DA:53,3
DA:54,3
DA:56,1
LF:4
LH:4
BRDA:52,0,0,3
BRF:1
BRH:1
end_of_record
TN:
SF:src/standings/forfeit.ts
FN:55,createForfeitMatchesForRetirements
FN:68,pairKey
FNF:2
FNH:2
FNDA:4,createForfeitMatchesForRetirements
FNDA:5,pairKey
DA:5,1
DA:55,1
DA:56,4
DA:57,4
DA:58,4
DA:59,4
DA:60,4
DA:61,4
DA:62,4
DA:63,4
DA:64,4
DA:66,4
DA:68,4
DA:69,5
DA:70,5
DA:71,5
DA:74,4
DA:75,4
DA:76,8
DA:77,2
DA:78,2
DA:79,2
DA:81,4
DA:83,4
DA:84,6
DA:85,6
DA:86,6
DA:89,6
DA:91,3
DA:92,6
DA:94,1
DA:95,1
DA:97,6
DA:98,6
DA:100,6
DA:103,6
DA:104,6
DA:105,6
DA:106,6
DA:107,6
DA:108,6
DA:110,6
DA:113,6
DA:114,6
DA:115,6
DA:116,6
DA:117,6
DA:118,6
DA:119,6
DA:121,6
DA:122,6
DA:124,4
DA:125,4
LF:53
LH:53
BRDA:55,0,0,4
BRDA:75,1,0,8
BRDA:76,2,0,6
BRDA:76,3,0,2
BRDA:77,4,0,0
BRDA:83,5,0,6
BRDA:89,6,0,1
BRDA:89,7,0,5
BRDA:89,8,0,3
BRDA:92,9,0,2
BRDA:92,10,0,1
BRDA:97,11,0,0
BRDA:97,12,0,2
BRDA:98,13,0,0
BRDA:98,14,0,2
BRDA:68,15,0,5
BRDA:69,16,0,4
BRDA:69,17,0,1
BRF:18
BRH:15
end_of_record
TN:
SF:src/standings/index.ts
FN:45,tagRetired
FN:77,computeStandings
FNF:2
FNH:2
FNDA:2,tagRetired
FNDA:16,computeStandings
DA:19,1
DA:22,1
DA:34,1
DA:35,1
DA:36,1
DA:45,1
DA:46,2
DA:47,2
DA:48,2
DA:49,2
DA:50,2
DA:51,2
DA:77,1
DA:78,16
DA:79,16
DA:80,16
DA:81,10
DA:82,16
DA:83,3
DA:84,3
DA:86,3
DA:87,3
DA:88,16
DA:91,1
DA:92,1
DA:93,1
LF:26
LH:26
BRDA:45,0,0,2
BRDA:50,1,0,5
BRDA:77,2,0,16
BRDA:80,3,0,10
BRDA:82,4,0,6
BRDA:82,5,0,3
BRF:6
BRH:6
end_of_record
TN:
SF:src/standings/roundrobin.ts
FN:16,at
FN:18,div
FN:19,sum
FN:21,isRealOpponent
FN:23,fnv1a
FN:33,inc
FN:39,pairKey
FN:46,ptsFromResult
FN:67,groupByPlayer
FN:94,tally
FN:120,computeMWP
FN:124,computeGWP
FN:132,computeOpponentPctExclSubject
FN:159,avgWithFloor
FN:162,headToHeadOrder
FN:169,add
FN:182,get
FN:194,sameTieKey
FN:204,allPenaltiesEqual
FN:213,computeRoundRobinStandings
FNF:20
FNH:19
FNDA:77,at
FNDA:296,div
FNDA:100,sum
FNDA:228,isRealOpponent
FNDA:18,fnv1a
FNDA:0,inc
FNDA:65,pairKey
FNDA:98,ptsFromResult
FNDA:17,groupByPlayer
FNDA:52,tally
FNDA:52,computeMWP
FNDA:52,computeGWP
FNDA:192,computeOpponentPctExclSubject
FNDA:104,avgWithFloor
FNDA:8,headToHeadOrder
FNDA:14,add
FNDA:36,get
FNDA:35,sameTieKey
FNDA:8,allPenaltiesEqual
FNDA:18,computeRoundRobinStandings
DA:11,1
DA:14,1
DA:16,1
DA:18,1
DA:19,1
DA:21,1
DA:23,18
DA:24,18
DA:25,18
DA:26,448
DA:27,448
DA:28,448
DA:29,18
DA:30,18
DA:33,0
DA:34,0
DA:35,0
DA:39,1
DA:40,65
DA:41,65
DA:42,65
DA:43,65
DA:46,98
DA:47,98
DA:48,98
DA:49,98
DA:50,98
DA:51,98
DA:52,98
DA:53,98
DA:54,98
DA:55,98
DA:56,98
DA:57,98
DA:59,0
DA:60,0
DA:61,0
DA:62,98
DA:63,98
DA:67,17
DA:68,17
DA:69,17
DA:70,98
DA:71,98
DA:72,17
DA:73,52
DA:74,52
DA:75,52
DA:76,17
DA:77,17
DA:94,52
DA:95,52
DA:96,52
DA:97,52
DA:98,52
DA:100,52
DA:101,98
DA:102,98
DA:104,98
DA:105,66
DA:106,32
DA:107,2
DA:109,98
DA:110,98
DA:111,98
DA:113,98
DA:114,98
DA:115,98
DA:117,52
DA:118,52
DA:120,52
DA:121,52
DA:122,52
DA:124,52
DA:126,52
DA:127,52
DA:128,52
DA:129,52
DA:130,52
DA:132,192
DA:133,192
DA:134,192
DA:135,192
DA:136,192
DA:137,192
DA:138,192
DA:139,192
DA:140,192
DA:141,96
DA:142,96
DA:143,106
DA:144,69
DA:145,28
DA:146,106
DA:147,96
DA:148,96
DA:149,96
DA:150,96
DA:151,106
DA:152,106
DA:153,106
DA:154,106
DA:155,96
DA:156,96
DA:157,192
DA:159,1
DA:160,104
DA:162,8
DA:163,8
DA:164,8
DA:165,8
DA:166,8
DA:167,8
DA:169,8
DA:171,8
DA:172,18
DA:173,18
DA:174,32
DA:175,32
DA:176,32
DA:177,32
DA:178,16
DA:179,32
DA:180,18
DA:182,8
DA:183,8
DA:186,8
DA:187,8
DA:188,16
DA:189,8
DA:190,8
DA:191,0
DA:192,0
DA:194,35
DA:195,35
DA:196,35
DA:197,14
DA:198,10
DA:199,10
DA:200,10
DA:202,35
DA:204,8
DA:205,8
DA:206,8
DA:207,8
DA:208,8
DA:209,8
DA:210,8
DA:213,1
DA:214,18
DA:215,18
DA:216,18
DA:217,18
DA:218,18
DA:219,18
DA:220,18
DA:221,18
DA:222,18
DA:223,18
DA:225,18
DA:226,18
DA:227,18
DA:228,18
DA:229,18
DA:230,18
DA:231,18
DA:234,18
DA:235,18
DA:236,67
DA:237,65
DA:238,67
DA:239,65
DA:240,65
DA:242,18
DA:243,4
DA:244,7
DA:245,7
DA:246,1
DA:247,1
DA:249,1
DA:250,1
DA:251,7
DA:252,3
DA:255,17
DA:256,18
DA:257,14
DA:258,42
DA:259,42
DA:261,34
DA:262,34
DA:263,21
DA:264,15
DA:265,14
DA:266,14
DA:268,34
DA:269,34
DA:270,34
DA:271,34
DA:272,34
DA:273,34
DA:274,34
DA:275,34
DA:276,34
DA:277,34
DA:278,34
DA:279,34
DA:280,42
DA:281,14
DA:284,17
DA:285,17
DA:289,17
DA:292,18
DA:293,52
DA:294,52
DA:295,52
DA:296,52
DA:297,52
DA:298,52
DA:299,52
DA:300,52
DA:301,52
DA:302,52
DA:303,52
DA:304,52
DA:305,52
DA:306,52
DA:307,52
DA:308,52
DA:309,52
DA:310,52
DA:311,52
DA:312,52
DA:313,52
DA:314,52
DA:317,18
DA:318,52
DA:319,52
DA:320,52
DA:321,52
DA:322,52
DA:323,96
DA:324,96
DA:325,96
DA:326,96
DA:327,52
DA:328,52
DA:329,52
DA:332,17
DA:333,18
DA:334,52
DA:335,52
DA:336,52
DA:337,18
DA:338,52
DA:339,52
DA:340,52
DA:341,98
DA:342,96
DA:343,98
DA:344,98
DA:345,64
DA:346,98
DA:347,52
DA:348,52
DA:349,52
DA:352,17
DA:353,18
DA:354,52
DA:355,52
DA:356,52
DA:359,17
DA:360,50
DA:361,44
DA:362,43
DA:363,43
DA:364,43
DA:365,10
DA:366,17
DA:369,17
DA:370,18
DA:371,42
DA:372,42
DA:374,42
DA:375,42
DA:376,35
DA:377,35
DA:378,10
DA:379,10
DA:381,42
DA:382,8
DA:383,8
DA:385,8
DA:386,8
DA:387,8
DA:388,0
DA:389,0
DA:390,0
DA:391,0
DA:392,0
DA:393,8
DA:395,8
DA:396,8
DA:397,8
DA:398,8
DA:399,8
DA:400,8
DA:401,8
DA:402,8
DA:403,0
DA:404,0
DA:405,0
DA:406,0
DA:407,0
DA:408,0
DA:409,0
DA:411,8
DA:412,8
DA:414,42
DA:415,42
DA:417,17
DA:418,17
DA:419,17
LF:322
LH:302
BRDA:16,0,0,77
BRDA:18,1,0,296
BRDA:18,2,0,244
BRDA:18,3,0,52
BRDA:19,4,0,100
BRDA:19,5,0,192
BRDA:21,6,0,228
BRDA:23,7,0,18
BRDA:25,8,0,448
BRDA:39,9,0,65
BRDA:40,10,0,44
BRDA:40,11,0,21
BRDA:41,12,0,44
BRDA:41,13,0,21
BRDA:46,14,0,98
BRDA:51,15,0,30
BRDA:52,16,0,32
BRDA:53,17,0,30
BRDA:54,18,0,32
BRDA:55,19,0,34
BRDA:56,20,0,2
BRDA:57,21,0,0
BRDA:67,22,0,17
BRDA:69,23,0,98
BRDA:72,24,0,52
BRDA:74,25,0,49
BRDA:74,26,0,1
BRDA:94,27,0,52
BRDA:100,28,0,98
BRDA:104,29,0,68
BRDA:104,30,0,90
BRDA:104,31,0,32
BRDA:104,32,0,66
BRDA:105,33,0,34
BRDA:105,34,0,34
BRDA:105,35,0,32
BRDA:106,36,0,30
BRDA:106,37,0,2
BRDA:109,38,0,35
BRDA:110,39,0,33
BRDA:111,40,0,68
BRDA:113,41,0,96
BRDA:120,42,0,52
BRDA:124,43,0,52
BRDA:132,44,0,192
BRDA:140,45,0,96
BRDA:142,46,0,106
BRDA:143,47,0,69
BRDA:143,48,0,93
BRDA:143,49,0,37
BRDA:143,50,0,69
BRDA:144,51,0,28
BRDA:144,52,0,41
BRDA:144,53,0,28
BRDA:150,54,0,106
BRDA:151,55,0,42
BRDA:152,56,0,38
BRDA:153,57,0,78
BRDA:138,58,0,412
BRDA:138,59,0,212
BRDA:159,60,0,104
BRDA:160,61,0,100
BRDA:160,62,0,4
BRDA:160,63,0,192
BRDA:162,64,0,8
BRDA:167,65,0,18
BRDA:171,66,0,18
BRDA:172,67,0,0
BRDA:173,68,0,32
BRDA:174,69,0,0
BRDA:176,70,0,16
BRDA:177,71,0,0
BRDA:177,72,0,16
BRDA:178,73,0,14
BRDA:187,74,0,16
BRDA:188,75,0,8
BRDA:188,76,0,8
BRDA:190,77,0,0
BRDA:169,78,0,14
BRDA:169,79,0,0
BRDA:182,80,0,36
BRDA:182,81,0,0
BRDA:183,82,0,10
BRDA:194,83,0,35
BRDA:196,84,0,14
BRDA:197,85,0,10
BRDA:198,86,0,10
BRDA:199,87,0,10
BRDA:204,88,0,8
BRDA:205,89,0,0
BRDA:206,90,0,0
BRDA:208,91,0,18
BRDA:208,92,0,0
BRDA:213,93,0,18
BRDA:223,94,0,0
BRDA:225,95,0,0
BRDA:227,96,0,0
BRDA:228,97,0,0
BRDA:229,98,0,0
BRDA:230,99,0,0
BRDA:235,100,0,67
BRDA:236,101,0,2
BRDA:236,102,0,65
BRDA:238,103,0,50
BRDA:238,104,0,65
BRDA:242,105,0,4
BRDA:243,106,0,7
BRDA:245,107,0,1
BRDA:245,108,0,1
BRDA:251,109,0,3
BRDA:252,110,0,17
BRDA:256,111,0,14
BRDA:257,112,0,42
BRDA:259,113,0,34
BRDA:259,114,0,34
BRDA:262,115,0,13
BRDA:262,116,0,21
BRDA:263,117,0,6
BRDA:263,118,0,15
BRDA:264,119,0,1
BRDA:264,120,0,14
BRDA:265,121,0,0
BRDA:281,122,0,17
BRDA:292,123,0,52
BRDA:293,124,0,0
BRDA:314,125,0,17
BRDA:317,126,0,52
BRDA:319,127,0,0
BRDA:322,128,0,96
BRDA:323,129,0,0
BRDA:329,130,0,17
BRDA:333,131,0,52
BRDA:336,132,0,17
BRDA:337,133,0,52
BRDA:338,134,0,0
BRDA:340,135,0,98
BRDA:341,136,0,2
BRDA:341,137,0,96
BRDA:343,138,0,0
BRDA:344,139,0,66
BRDA:344,140,0,90
BRDA:344,141,0,32
BRDA:344,142,0,64
BRDA:345,143,0,30
BRDA:349,144,0,17
BRDA:353,145,0,52
BRDA:356,146,0,17
BRDA:370,147,0,42
BRDA:372,148,0,0
BRDA:375,149,0,35
BRDA:377,150,0,25
BRDA:377,151,0,10
BRDA:381,152,0,8
BRDA:387,153,0,0
BRDA:387,154,0,0
BRDA:398,155,0,18
BRDA:402,156,0,0
BRDA:415,157,0,17
BRDA:359,158,0,50
BRDA:360,159,0,36
BRDA:360,160,0,47
BRDA:360,161,0,44
BRDA:360,162,0,14
BRDA:361,163,0,4
BRDA:361,164,0,43
BRDA:361,165,0,10
BRDA:362,166,0,0
BRDA:362,167,0,10
BRDA:363,168,0,0
BRDA:363,169,0,10
BRDA:364,170,0,0
BRDA:364,171,0,10
BRDA:383,172,0,18
BRDA:395,173,0,10
BRDA:399,174,0,10
BRDA:399,175,0,0
BRDA:399,176,0,0
BRDA:417,177,0,52
BRF:178
BRH:147
end_of_record
TN:
SF:src/standings/singleelimination.ts
FN:11,computeSingleEliminationStandings
FNF:1
FNH:1
FNDA:10,computeSingleEliminationStandings
DA:2,1
DA:9,1
DA:11,1
DA:12,10
DA:13,10
DA:14,10
DA:15,10
DA:16,10
DA:17,10
DA:18,10
DA:19,10
DA:21,10
DA:22,10
DA:23,58
DA:24,58
DA:25,10
DA:26,44
DA:27,44
DA:28,44
DA:29,44
DA:32,10
DA:33,10
DA:34,58
DA:35,58
DA:37,10
DA:39,10
DA:40,44
DA:41,44
DA:43,44
DA:44,44
DA:45,44
DA:46,44
DA:47,44
DA:48,44
DA:49,44
DA:50,44
DA:51,44
DA:52,44
DA:55,44
DA:56,44
DA:57,44
DA:58,44
DA:59,30
DA:60,44
DA:62,10
DA:63,44
DA:64,34
DA:65,34
DA:67,44
DA:68,44
DA:69,44
DA:70,44
DA:71,44
DA:72,44
DA:73,44
DA:74,44
DA:75,44
DA:76,44
DA:77,44
DA:78,44
DA:79,44
DA:80,44
DA:81,44
DA:82,44
DA:83,44
DA:84,44
DA:85,44
DA:86,44
DA:87,44
DA:89,44
DA:92,44
DA:93,44
DA:94,44
DA:97,10
DA:99,68
DA:100,68
DA:103,68
DA:106,22
DA:107,22
DA:108,68
DA:109,16
DA:110,16
DA:113,50
DA:116,5
DA:117,5
DA:118,5
DA:119,10
DA:122,10
DA:123,44
DA:124,10
DA:126,10
DA:127,10
LF:92
LH:92
BRDA:11,0,0,10
BRDA:19,1,0,0
BRDA:22,2,0,58
BRDA:25,3,0,44
BRDA:33,4,0,58
BRDA:34,5,0,17
BRDA:39,6,0,44
BRDA:58,7,0,30
BRDA:59,8,0,20
BRDA:60,9,0,10
BRDA:63,10,0,34
BRDA:64,11,0,0
BRDA:27,12,0,14
BRDA:27,13,0,0
BRDA:44,14,0,58
BRDA:44,15,0,34
BRDA:47,16,0,58
BRDA:47,17,0,24
BRDA:49,18,0,58
BRDA:49,19,0,52
BRDA:50,20,0,58
BRDA:50,21,0,50
BRDA:51,22,0,58
BRDA:52,23,0,58
BRDA:52,24,0,57
BRDA:86,25,0,58
BRDA:87,26,0,58
BRDA:97,27,0,68
BRDA:99,28,0,0
BRDA:100,29,0,0
BRDA:103,30,0,46
BRDA:103,31,0,54
BRDA:103,32,0,22
BRDA:108,33,0,16
BRDA:108,34,0,16
BRDA:108,35,0,16
BRDA:110,36,0,50
BRDA:110,37,0,6
BRDA:113,38,0,1
BRDA:113,39,0,5
BRDA:122,40,0,44
BRF:41
BRH:36
end_of_record
TN:
SF:src/standings/swiss.ts
FN:17,div
FN:20,sum
FN:23,isRealOpponent
FN:26,clamp01
FN:31,at
FN:37,groupByPlayer
FN:49,ptsFromResult
FN:86,tally
FN:115,computeMWP
FN:118,computeGWP
FN:125,computeOpponentPctExclSubject
FN:152,avgWithFloor
FN:157,headToHeadOrder
FN:165,add
FN:181,get
FN:196,sameTieKey
FN:206,allPenaltiesEqual
FN:217,flipResult
FN:234,normalizeMatchesForMirroring
FN:237,key
FN:269,computeSwissStandings
FNF:21
FNH:21
FNDA:278,div
FNDA:118,sum
FNDA:200,isRealOpponent
FNDA:12,clamp01
FNDA:93,at
FNDA:21,groupByPlayer
FNDA:94,ptsFromResult
FNDA:60,tally
FNDA:60,computeMWP
FNDA:60,computeGWP
FNDA:158,computeOpponentPctExclSubject
FNDA:120,avgWithFloor
FNDA:6,headToHeadOrder
FNDA:6,add
FNDA:24,get
FNDA:39,sameTieKey
FNDA:6,allPenaltiesEqual
FNDA:7,flipResult
FNDA:6,normalizeMatchesForMirroring
FNDA:18,key
FNDA:21,computeSwissStandings
DA:10,1
DA:12,1
DA:15,1
DA:17,278
DA:18,278
DA:19,278
DA:20,118
DA:21,118
DA:22,118
DA:23,200
DA:24,200
DA:25,200
DA:26,12
DA:27,12
DA:28,12
DA:31,93
DA:32,93
DA:33,93
DA:37,21
DA:38,21
DA:39,21
DA:40,94
DA:41,94
DA:42,21
DA:43,60
DA:44,60
DA:45,60
DA:46,21
DA:47,21
DA:49,94
DA:50,94
DA:51,94
DA:52,94
DA:53,94
DA:54,94
DA:55,94
DA:56,36
DA:57,94
DA:58,6
DA:59,94
DA:60,94
DA:61,37
DA:62,94
DA:63,15
DA:64,94
DA:66,0
DA:67,0
DA:68,0
DA:69,94
DA:70,94
DA:86,60
DA:87,60
DA:88,60
DA:89,60
DA:90,60
DA:91,60
DA:92,60
DA:93,60
DA:95,60
DA:96,94
DA:97,94
DA:99,94
DA:100,58
DA:101,21
DA:102,15
DA:104,94
DA:105,94
DA:106,94
DA:108,94
DA:109,94
DA:110,94
DA:112,60
DA:113,60
DA:115,60
DA:116,60
DA:117,60
DA:118,60
DA:119,60
DA:120,60
DA:121,60
DA:122,60
DA:123,60
DA:125,158
DA:126,158
DA:127,158
DA:128,158
DA:129,158
DA:130,158
DA:131,158
DA:132,158
DA:133,158
DA:134,79
DA:135,79
DA:136,48
DA:137,24
DA:138,0
DA:139,48
DA:140,79
DA:141,79
DA:142,79
DA:143,79
DA:144,48
DA:145,48
DA:146,48
DA:147,48
DA:148,79
DA:149,79
DA:150,158
DA:152,120
DA:153,120
DA:154,118
DA:155,118
DA:157,6
DA:158,6
DA:159,6
DA:160,6
DA:162,6
DA:163,6
DA:165,6
DA:166,6
DA:167,6
DA:169,6
DA:170,12
DA:171,12
DA:172,12
DA:173,12
DA:174,12
DA:176,12
DA:177,8
DA:178,12
DA:179,12
DA:181,6
DA:183,6
DA:186,6
DA:187,6
DA:188,12
DA:189,6
DA:190,6
DA:191,6
DA:192,6
DA:193,0
DA:194,0
DA:196,39
DA:197,39
DA:198,39
DA:199,8
DA:200,8
DA:201,7
DA:202,7
DA:204,39
DA:206,6
DA:207,6
DA:208,6
DA:209,6
DA:210,6
DA:211,12
DA:212,12
DA:213,6
DA:214,6
DA:217,7
DA:218,7
DA:219,7
DA:220,7
DA:221,7
DA:222,7
DA:223,7
DA:224,7
DA:225,7
DA:226,7
DA:227,7
DA:234,6
DA:235,6
DA:236,6
DA:237,6
DA:239,6
DA:240,10
DA:241,9
DA:242,9
DA:243,10
DA:245,6
DA:246,10
DA:247,10
DA:248,9
DA:249,10
DA:250,7
DA:251,7
DA:252,7
DA:253,7
DA:254,7
DA:255,7
DA:256,7
DA:257,7
DA:258,7
DA:259,7
DA:260,7
DA:261,7
DA:262,7
DA:263,7
DA:264,10
DA:265,6
DA:266,6
DA:269,1
DA:270,21
DA:271,21
DA:272,21
DA:273,21
DA:274,21
DA:275,21
DA:276,21
DA:277,21
DA:278,21
DA:280,21
DA:281,21
DA:284,21
DA:285,21
DA:286,21
DA:287,21
DA:288,21
DA:290,21
DA:291,6
DA:292,15
DA:294,21
DA:295,21
DA:296,21
DA:297,21
DA:298,21
DA:299,21
DA:300,21
DA:302,21
DA:303,21
DA:307,21
DA:310,21
DA:311,60
DA:312,60
DA:313,60
DA:314,60
DA:315,60
DA:316,60
DA:317,60
DA:318,60
DA:319,60
DA:320,60
DA:321,60
DA:322,60
DA:323,60
DA:324,60
DA:325,60
DA:326,60
DA:327,60
DA:328,60
DA:329,60
DA:330,60
DA:331,60
DA:332,60
DA:335,21
DA:336,60
DA:337,60
DA:338,60
DA:339,60
DA:342,60
DA:343,79
DA:344,79
DA:345,79
DA:346,79
DA:349,60
DA:350,6
DA:351,6
DA:352,6
DA:353,8
DA:354,8
DA:355,8
DA:356,6
DA:358,60
DA:359,60
DA:360,60
DA:363,21
DA:364,21
DA:365,60
DA:366,60
DA:367,60
DA:368,60
DA:370,21
DA:371,60
DA:372,60
DA:373,60
DA:374,94
DA:375,79
DA:376,94
DA:377,94
DA:378,43
DA:379,94
DA:380,60
DA:381,60
DA:382,60
DA:385,21
DA:386,21
DA:387,60
DA:388,60
DA:389,60
DA:390,60
DA:393,21
DA:394,51
DA:395,31
DA:396,31
DA:397,31
DA:398,26
DA:399,6
DA:400,21
DA:403,21
DA:404,21
DA:405,54
DA:406,54
DA:409,54
DA:410,54
DA:411,39
DA:412,39
DA:413,6
DA:414,6
DA:416,54
DA:417,6
DA:418,6
DA:420,6
DA:421,6
DA:422,6
DA:423,0
DA:424,0
DA:425,0
DA:426,0
DA:427,0
DA:428,6
DA:430,6
DA:431,6
DA:432,6
DA:433,6
DA:434,6
DA:435,6
DA:436,6
DA:437,6
DA:438,0
DA:439,0
DA:440,0
DA:441,0
DA:442,0
DA:443,0
DA:444,0
DA:446,6
DA:447,6
DA:449,54
DA:450,54
DA:452,21
DA:453,21
DA:454,21
LF:352
LH:334
BRDA:17,0,0,278
BRDA:18,1,0,169
BRDA:18,2,0,109
BRDA:20,3,0,118
BRDA:21,4,0,174
BRDA:23,5,0,200
BRDA:26,6,0,12
BRDA:31,7,0,93
BRDA:37,8,0,21
BRDA:39,9,0,94
BRDA:42,10,0,60
BRDA:44,11,0,34
BRDA:44,12,0,0
BRDA:49,13,0,94
BRDA:54,14,0,35
BRDA:55,15,0,36
BRDA:57,16,0,6
BRDA:59,17,0,36
BRDA:60,18,0,37
BRDA:62,19,0,15
BRDA:64,20,0,0
BRDA:86,21,0,60
BRDA:95,22,0,94
BRDA:99,23,0,59
BRDA:99,24,0,86
BRDA:99,25,0,36
BRDA:99,26,0,58
BRDA:100,27,0,22
BRDA:100,28,0,37
BRDA:100,29,0,21
BRDA:101,30,0,6
BRDA:101,31,0,15
BRDA:104,32,0,61
BRDA:105,33,0,60
BRDA:106,34,0,88
BRDA:108,35,0,79
BRDA:115,36,0,60
BRDA:118,37,0,60
BRDA:125,38,0,158
BRDA:133,39,0,79
BRDA:135,40,0,48
BRDA:136,41,0,25
BRDA:136,42,0,24
BRDA:137,43,0,1
BRDA:137,44,0,0
BRDA:143,45,0,48
BRDA:144,46,0,37
BRDA:145,47,0,37
BRDA:131,48,0,284
BRDA:131,49,0,252
BRDA:131,50,0,96
BRDA:152,51,0,120
BRDA:153,52,0,2
BRDA:153,53,0,118
BRDA:154,54,0,174
BRDA:157,55,0,6
BRDA:163,56,0,12
BRDA:169,57,0,12
BRDA:170,58,0,0
BRDA:172,59,0,0
BRDA:174,60,0,4
BRDA:174,61,0,8
BRDA:176,62,0,8
BRDA:176,63,0,0
BRDA:177,64,0,6
BRDA:187,65,0,12
BRDA:188,66,0,6
BRDA:192,67,0,0
BRDA:165,68,0,6
BRDA:166,69,0,0
BRDA:181,70,0,24
BRDA:181,71,0,0
BRDA:183,72,0,6
BRDA:196,73,0,39
BRDA:198,74,0,8
BRDA:199,75,0,8
BRDA:200,76,0,7
BRDA:201,77,0,7
BRDA:206,78,0,6
BRDA:207,79,0,0
BRDA:208,80,0,0
BRDA:210,81,0,12
BRDA:211,82,0,0
BRDA:217,83,0,7
BRDA:219,84,0,5
BRDA:220,85,0,0
BRDA:221,86,0,2
BRDA:222,87,0,0
BRDA:223,88,0,0
BRDA:224,89,0,0
BRDA:225,90,0,0
BRDA:234,91,0,6
BRDA:239,92,0,10
BRDA:240,93,0,9
BRDA:245,94,0,10
BRDA:247,95,0,1
BRDA:247,96,0,9
BRDA:249,97,0,7
BRDA:237,98,0,18
BRDA:269,99,0,21
BRDA:281,100,0,0
BRDA:285,101,0,6
BRDA:285,102,0,15
BRDA:286,103,0,6
BRDA:286,104,0,15
BRDA:287,105,0,6
BRDA:287,106,0,15
BRDA:290,107,0,6
BRDA:291,108,0,15
BRDA:294,109,0,0
BRDA:296,110,0,0
BRDA:297,111,0,0
BRDA:298,112,0,0
BRDA:299,113,0,0
BRDA:310,114,0,60
BRDA:311,115,0,0
BRDA:335,116,0,60
BRDA:337,117,0,0
BRDA:342,118,0,79
BRDA:343,119,0,1
BRDA:349,120,0,18
BRDA:349,121,0,6
BRDA:352,122,0,8
BRDA:364,123,0,60
BRDA:366,124,0,0
BRDA:370,125,0,60
BRDA:371,126,0,0
BRDA:373,127,0,94
BRDA:374,128,0,15
BRDA:374,129,0,79
BRDA:376,130,0,1
BRDA:377,131,0,44
BRDA:377,132,0,50
BRDA:377,133,0,36
BRDA:377,134,0,43
BRDA:378,135,0,6
BRDA:386,136,0,60
BRDA:388,137,0,0
BRDA:404,138,0,54
BRDA:406,139,0,0
BRDA:410,140,0,39
BRDA:412,141,0,33
BRDA:412,142,0,6
BRDA:416,143,0,6
BRDA:422,144,0,0
BRDA:422,145,0,0
BRDA:433,146,0,12
BRDA:437,147,0,0
BRDA:393,148,0,51
BRDA:394,149,0,43
BRDA:394,150,0,31
BRDA:394,151,0,8
BRDA:395,152,0,0
BRDA:395,153,0,8
BRDA:396,154,0,26
BRDA:396,155,0,1
BRDA:396,156,0,7
BRDA:397,157,0,0
BRDA:397,158,0,26
BRDA:397,159,0,7
BRDA:398,160,0,1
BRDA:398,161,0,6
BRDA:418,162,0,12
BRDA:430,163,0,6
BRDA:434,164,0,6
BRDA:434,165,0,0
BRDA:434,166,0,0
BRDA:452,167,0,60
BRF:168
BRH:132
end_of_record
TN:
SF:src/standings/types.ts
FNF:0
FNH:0
DA:6,1
DA:7,1
DA:8,1
DA:9,1
DA:10,1
DA:11,1
DA:12,1
LF:7
LH:7
BRDA:6,0,0,17
BRF:1
BRH:1
end_of_record
TN:
SF:src/utils/hash.ts
FN:2,fnv1a
FNF:1
FNH:1
FNDA:22,fnv1a
DA:2,1
DA:3,22
DA:4,22
DA:5,556
DA:6,556
DA:7,556
DA:8,556
DA:9,556
DA:10,556
DA:11,556
DA:12,556
DA:13,556
DA:14,556
DA:15,22
DA:16,22
LF:15
LH:15
BRDA:2,0,0,22
BRDA:4,1,0,556
BRF:2
BRH:2
end_of_record
